2020-05-10 21:38:54.998  INFO 8115 --- [restartedMain] o.s.b.devtools.restart.ChangeableUrls    : The Class-Path manifest attribute in /home/sokoke/.m2/repository/org/glassfish/jaxb/jaxb-runtime/2.3.2/jaxb-runtime-2.3.2.jar referenced one or more files that do not exist: file:/home/sokoke/.m2/repository/org/glassfish/jaxb/jaxb-runtime/2.3.2/jakarta.xml.bind-api-2.3.2.jar,file:/home/sokoke/.m2/repository/org/glassfish/jaxb/jaxb-runtime/2.3.2/txw2-2.3.2.jar,file:/home/sokoke/.m2/repository/org/glassfish/jaxb/jaxb-runtime/2.3.2/istack-commons-runtime-3.0.8.jar,file:/home/sokoke/.m2/repository/org/glassfish/jaxb/jaxb-runtime/2.3.2/stax-ex-1.8.1.jar,file:/home/sokoke/.m2/repository/org/glassfish/jaxb/jaxb-runtime/2.3.2/FastInfoset-1.2.16.jar,file:/home/sokoke/.m2/repository/org/glassfish/jaxb/jaxb-runtime/2.3.2/jakarta.activation-api-1.2.1.jar
2020-05-10 21:38:55.002  INFO 8115 --- [restartedMain] .e.DevToolsPropertyDefaultsPostProcessor : Devtools property defaults active! Set 'spring.devtools.add-properties' to 'false' to disable
2020-05-10 21:38:55.497  INFO 8115 --- [restartedMain] c.c.c.ConfigServicePropertySourceLocator : Fetching config from server at : http://localhost:8888
2020-05-10 21:38:56.770  INFO 8115 --- [restartedMain] c.c.c.ConfigServicePropertySourceLocator : Located environment: name=product-order, profiles=[default], label=null, version=ea29f4e16eb91b1e22afa80e4749738f94f1ff52, state=null
2020-05-10 21:38:56.771  INFO 8115 --- [restartedMain] b.c.PropertySourceBootstrapConfiguration : Located property source: [BootstrapPropertySource {name='bootstrapProperties-configClient'}, BootstrapPropertySource {name='bootstrapProperties-file:///home/sokoke/Documents/workspace-spring-tool-suite-4-4.5.1.RELEASE/git-localconfig-repo/product-order.properties'}]
2020-05-10 21:38:56.828  INFO 8115 --- [restartedMain] com.cg.dd.app.ProductOrderApplication    : No active profile set, falling back to default profiles: default
2020-05-10 21:38:59.570  INFO 8115 --- [restartedMain] .s.d.r.c.RepositoryConfigurationDelegate : Bootstrapping Spring Data JPA repositories in DEFAULT mode.
2020-05-10 21:38:59.723  INFO 8115 --- [restartedMain] .s.d.r.c.RepositoryConfigurationDelegate : Finished Spring Data repository scanning in 20ms. Found 0 JPA repository interfaces.
2020-05-10 21:38:59.955  WARN 8115 --- [restartedMain] o.s.boot.actuate.endpoint.EndpointId     : Endpoint ID 'service-registry' contains invalid characters, please migrate to a valid format.
2020-05-10 21:38:59.978  WARN 8115 --- [restartedMain] o.s.boot.actuate.endpoint.EndpointId     : Endpoint ID 'hystrix.stream' contains invalid characters, please migrate to a valid format.
2020-05-10 21:39:00.114  INFO 8115 --- [restartedMain] o.s.cloud.context.scope.GenericScope     : BeanFactory id=320190fc-b224-35ed-8e9c-7d56e47d265c
2020-05-10 21:39:01.473  INFO 8115 --- [restartedMain] o.s.b.w.embedded.tomcat.TomcatWebServer  : Tomcat initialized with port(s): 8014 (http)
2020-05-10 21:39:01.485  INFO 8115 --- [restartedMain] o.apache.catalina.core.StandardService   : Starting service [Tomcat]
2020-05-10 21:39:01.486  INFO 8115 --- [restartedMain] org.apache.catalina.core.StandardEngine  : Starting Servlet engine: [Apache Tomcat/9.0.33]
2020-05-10 21:39:01.623  INFO 8115 --- [restartedMain] o.a.c.c.C.[Tomcat].[localhost].[/]       : Initializing Spring embedded WebApplicationContext
2020-05-10 21:39:01.624  INFO 8115 --- [restartedMain] o.s.web.context.ContextLoader            : Root WebApplicationContext: initialization completed in 4773 ms
2020-05-10 21:39:01.730  WARN 8115 --- [restartedMain] c.n.c.sources.URLConfigurationSource     : No URLs will be polled as dynamic configuration sources.
2020-05-10 21:39:01.731  INFO 8115 --- [restartedMain] c.n.c.sources.URLConfigurationSource     : To enable URLs as dynamic configuration sources, define System property archaius.configurationSource.additionalUrls or make config.properties available on classpath.
2020-05-10 21:39:01.738  INFO 8115 --- [restartedMain] c.netflix.config.DynamicPropertyFactory  : DynamicPropertyFactory is initialized with configuration sources: com.netflix.config.ConcurrentCompositeConfiguration@9cfab5c
2020-05-10 21:39:03.547  INFO 8115 --- [restartedMain] o.hibernate.jpa.internal.util.LogHelper  : HHH000204: Processing PersistenceUnitInfo [name: default]
2020-05-10 21:39:04.050  INFO 8115 --- [restartedMain] org.hibernate.Version                    : HHH000412: Hibernate ORM core version 5.4.12.Final
2020-05-10 21:39:05.009  INFO 8115 --- [restartedMain] o.hibernate.annotations.common.Version   : HCANN000001: Hibernate Commons Annotations {5.1.0.Final}
2020-05-10 21:39:05.420  INFO 8115 --- [restartedMain] com.zaxxer.hikari.HikariDataSource       : HikariPool-1 - Starting...
2020-05-10 21:39:05.447  WARN 8115 --- [restartedMain] com.zaxxer.hikari.util.DriverDataSource  : Registered driver with driverClassName=com.mysql.jdbc.Driver was not found, trying direct instantiation.
2020-05-10 21:39:06.908  INFO 8115 --- [restartedMain] com.zaxxer.hikari.HikariDataSource       : HikariPool-1 - Start completed.
2020-05-10 21:39:07.019  INFO 8115 --- [restartedMain] org.hibernate.dialect.Dialect            : HHH000400: Using dialect: org.hibernate.dialect.MySQL5InnoDBDialect
2020-05-10 21:39:08.376  INFO 8115 --- [restartedMain] o.h.e.t.j.p.i.JtaPlatformInitiator       : HHH000490: Using JtaPlatform implementation: [org.hibernate.engine.transaction.jta.platform.internal.NoJtaPlatform]
2020-05-10 21:39:08.383  INFO 8115 --- [restartedMain] j.LocalContainerEntityManagerFactoryBean : Initialized JPA EntityManagerFactory for persistence unit 'default'
2020-05-10 21:39:08.439  WARN 8115 --- [restartedMain] o.s.b.d.a.OptionalLiveReloadServer       : Unable to start LiveReload server
2020-05-10 21:39:08.895  WARN 8115 --- [restartedMain] JpaBaseConfiguration$JpaWebConfiguration : spring.jpa.open-in-view is enabled by default. Therefore, database queries may be performed during view rendering. Explicitly configure spring.jpa.open-in-view to disable this warning
2020-05-10 21:39:09.167  INFO 8115 --- [restartedMain] o.s.b.a.e.web.EndpointLinksResolver      : Exposing 2 endpoint(s) beneath base path '/actuator'
2020-05-10 21:39:09.317  INFO 8115 --- [restartedMain] pertySourcedRequestMappingHandlerMapping : Mapped URL path [/v2/api-docs] onto method [springfox.documentation.swagger2.web.Swagger2Controller#getDocumentation(String, HttpServletRequest)]
2020-05-10 21:39:09.349  WARN 8115 --- [restartedMain] c.n.c.sources.URLConfigurationSource     : No URLs will be polled as dynamic configuration sources.
2020-05-10 21:39:09.349  INFO 8115 --- [restartedMain] c.n.c.sources.URLConfigurationSource     : To enable URLs as dynamic configuration sources, define System property archaius.configurationSource.additionalUrls or make config.properties available on classpath.
2020-05-10 21:39:09.658  INFO 8115 --- [restartedMain] o.s.s.concurrent.ThreadPoolTaskExecutor  : Initializing ExecutorService 'applicationTaskExecutor'
2020-05-10 21:39:10.336  WARN 8115 --- [restartedMain] ockingLoadBalancerClientRibbonWarnLogger : You already have RibbonLoadBalancerClient on your classpath. It will be used by default. As Spring Cloud Ribbon is in maintenance mode. We recommend switching to BlockingLoadBalancerClient instead. In order to use it, set the value of `spring.cloud.loadbalancer.ribbon.enabled` to `false` or remove spring-cloud-starter-netflix-ribbon from your project.
2020-05-10 21:39:10.517  INFO 8115 --- [restartedMain] o.s.c.n.eureka.InstanceInfoFactory       : Setting initial instance status as: STARTING
2020-05-10 21:39:10.555  INFO 8115 --- [restartedMain] com.netflix.discovery.DiscoveryClient    : Initializing Eureka in region us-east-1
2020-05-10 21:39:10.655  INFO 8115 --- [restartedMain] c.n.d.provider.DiscoveryJerseyProvider   : Using JSON encoding codec LegacyJacksonJson
2020-05-10 21:39:10.655  INFO 8115 --- [restartedMain] c.n.d.provider.DiscoveryJerseyProvider   : Using JSON decoding codec LegacyJacksonJson
2020-05-10 21:39:10.761  INFO 8115 --- [restartedMain] c.n.d.provider.DiscoveryJerseyProvider   : Using XML encoding codec XStreamXml
2020-05-10 21:39:10.761  INFO 8115 --- [restartedMain] c.n.d.provider.DiscoveryJerseyProvider   : Using XML decoding codec XStreamXml
2020-05-10 21:39:10.970  INFO 8115 --- [restartedMain] c.n.d.s.r.aws.ConfigClusterResolver      : Resolving eureka endpoints via configuration
2020-05-10 21:39:10.989  INFO 8115 --- [restartedMain] com.netflix.discovery.DiscoveryClient    : Disable delta property : false
2020-05-10 21:39:10.989  INFO 8115 --- [restartedMain] com.netflix.discovery.DiscoveryClient    : Single vip registry refresh property : null
2020-05-10 21:39:10.989  INFO 8115 --- [restartedMain] com.netflix.discovery.DiscoveryClient    : Force full registry fetch : false
2020-05-10 21:39:10.989  INFO 8115 --- [restartedMain] com.netflix.discovery.DiscoveryClient    : Application is null : false
2020-05-10 21:39:10.989  INFO 8115 --- [restartedMain] com.netflix.discovery.DiscoveryClient    : Registered Applications size is zero : true
2020-05-10 21:39:10.989  INFO 8115 --- [restartedMain] com.netflix.discovery.DiscoveryClient    : Application version is -1: true
2020-05-10 21:39:10.990  INFO 8115 --- [restartedMain] com.netflix.discovery.DiscoveryClient    : Getting all instance registry info from the eureka server
2020-05-10 21:39:11.220  INFO 8115 --- [restartedMain] com.netflix.discovery.DiscoveryClient    : The response status is 200
2020-05-10 21:39:11.222  INFO 8115 --- [restartedMain] com.netflix.discovery.DiscoveryClient    : Starting heartbeat executor: renew interval is: 30
2020-05-10 21:39:11.225  INFO 8115 --- [restartedMain] c.n.discovery.InstanceInfoReplicator     : InstanceInfoReplicator onDemand update allowed rate per min is 4
2020-05-10 21:39:11.229  INFO 8115 --- [restartedMain] com.netflix.discovery.DiscoveryClient    : Discovery Client initialized at timestamp 1589126951228 with initial instances count: 0
2020-05-10 21:39:11.235  INFO 8115 --- [restartedMain] o.s.c.n.e.s.EurekaServiceRegistry        : Registering application PRODUCT-ORDER with eureka with status UP
2020-05-10 21:39:11.236  INFO 8115 --- [restartedMain] com.netflix.discovery.DiscoveryClient    : Saw local status change event StatusChangeEvent [timestamp=1589126951236, current=UP, previous=STARTING]
2020-05-10 21:39:11.239  INFO 8115 --- [restartedMain] d.s.w.p.DocumentationPluginsBootstrapper : Context refreshed
2020-05-10 21:39:11.240  INFO 8115 --- [DiscoveryClient-InstanceInfoReplicator-0] com.netflix.discovery.DiscoveryClient    : DiscoveryClient_PRODUCT-ORDER/192.168.0.105:product-order:8014: registering service...
2020-05-10 21:39:11.329  INFO 8115 --- [restartedMain] d.s.w.p.DocumentationPluginsBootstrapper : Found 1 custom documentation plugin(s)
2020-05-10 21:39:11.363  INFO 8115 --- [DiscoveryClient-InstanceInfoReplicator-0] com.netflix.discovery.DiscoveryClient    : DiscoveryClient_PRODUCT-ORDER/192.168.0.105:product-order:8014 - registration status: 204
2020-05-10 21:39:11.420  INFO 8115 --- [restartedMain] s.d.s.w.s.ApiListingReferenceScanner     : Scanning for api listing references
2020-05-10 21:39:11.712  INFO 8115 --- [restartedMain] .d.s.w.r.o.CachingOperationNameGenerator : Generating unique operation named: handleUsingGET_1
2020-05-10 21:39:11.719  INFO 8115 --- [restartedMain] .d.s.w.r.o.CachingOperationNameGenerator : Generating unique operation named: handleUsingGET_2
2020-05-10 21:39:11.860  INFO 8115 --- [restartedMain] o.s.b.w.embedded.tomcat.TomcatWebServer  : Tomcat started on port(s): 8014 (http) with context path ''
2020-05-10 21:39:11.865  INFO 8115 --- [restartedMain] .s.c.n.e.s.EurekaAutoServiceRegistration : Updating port to 8014
2020-05-10 21:39:11.930  INFO 8115 --- [restartedMain] com.cg.dd.app.ProductOrderApplication    : Started ProductOrderApplication in 17.484 seconds (JVM running for 18.346)
2020-05-10 21:39:41.223  INFO 8115 --- [DiscoveryClient-CacheRefreshExecutor-0] com.netflix.discovery.DiscoveryClient    : Disable delta property : false
2020-05-10 21:39:41.242  INFO 8115 --- [DiscoveryClient-CacheRefreshExecutor-0] com.netflix.discovery.DiscoveryClient    : Single vip registry refresh property : null
2020-05-10 21:39:41.243  INFO 8115 --- [DiscoveryClient-CacheRefreshExecutor-0] com.netflix.discovery.DiscoveryClient    : Force full registry fetch : false
2020-05-10 21:39:41.244  INFO 8115 --- [DiscoveryClient-CacheRefreshExecutor-0] com.netflix.discovery.DiscoveryClient    : Application is null : false
2020-05-10 21:39:41.244  INFO 8115 --- [DiscoveryClient-CacheRefreshExecutor-0] com.netflix.discovery.DiscoveryClient    : Registered Applications size is zero : true
2020-05-10 21:39:41.245  INFO 8115 --- [DiscoveryClient-CacheRefreshExecutor-0] com.netflix.discovery.DiscoveryClient    : Application version is -1: false
2020-05-10 21:39:41.245  INFO 8115 --- [DiscoveryClient-CacheRefreshExecutor-0] com.netflix.discovery.DiscoveryClient    : Getting all instance registry info from the eureka server
2020-05-10 21:39:41.284  INFO 8115 --- [DiscoveryClient-CacheRefreshExecutor-0] com.netflix.discovery.DiscoveryClient    : The response status is 200
2020-05-10 21:41:02.677  INFO 8115 --- [http-nio-8014-exec-1] o.a.c.c.C.[Tomcat].[localhost].[/]       : Initializing Spring DispatcherServlet 'dispatcherServlet'
2020-05-10 21:41:02.782  INFO 8115 --- [http-nio-8014-exec-1] o.s.web.servlet.DispatcherServlet        : Initializing Servlet 'dispatcherServlet'
2020-05-10 21:41:02.810  INFO 8115 --- [http-nio-8014-exec-1] o.s.web.servlet.DispatcherServlet        : Completed initialization in 28 ms
2020-05-10 21:41:03.234  INFO 8115 --- [hystrix-ProductOrderController-1] c.netflix.discovery.shared.Application   : getting distributor
2020-05-10 21:42:52.544  INFO 8115 --- [hystrix-ProductOrderController-2] c.netflix.discovery.shared.Application   : getting distributor
2020-05-10 21:44:11.044  INFO 8115 --- [AsyncResolver-bootstrap-executor-0] c.n.d.s.r.aws.ConfigClusterResolver      : Resolving eureka endpoints via configuration
2020-05-10 21:46:00.757  INFO 8115 --- [hystrix-ProductOrderController-3] c.netflix.discovery.shared.Application   : getting distributor
2020-05-10 21:47:30.735  INFO 8115 --- [hystrix-ProductOrderController-4] c.netflix.discovery.shared.Application   : getting distributor
2020-05-10 21:47:45.583  INFO 8115 --- [hystrix-ProductOrderController-5] c.netflix.discovery.shared.Application   : getting distributor
2020-05-10 21:48:03.205  INFO 8115 --- [hystrix-ProductOrderController-6] c.netflix.discovery.shared.Application   : adding order
2020-05-10 21:48:04.312 ERROR 8115 --- [HystrixTimer-2] c.netflix.discovery.shared.Application   : adding order failed !
2020-05-10 21:48:20.776  INFO 8115 --- [hystrix-ProductOrderController-7] c.netflix.discovery.shared.Application   : getting orders
2020-05-10 21:49:11.058  INFO 8115 --- [AsyncResolver-bootstrap-executor-0] c.n.d.s.r.aws.ConfigClusterResolver      : Resolving eureka endpoints via configuration
2020-05-10 21:49:16.574  INFO 8115 --- [hystrix-ProductOrderController-8] c.netflix.discovery.shared.Application   : getting distributor
2020-05-10 21:49:27.534  INFO 8115 --- [hystrix-ProductOrderController-9] c.netflix.discovery.shared.Application   : getting orders
2020-05-10 21:50:18.325  INFO 8115 --- [hystrix-ProductOrderController-10] c.netflix.discovery.shared.Application   : getting orders
2020-05-10 21:54:11.059  INFO 8115 --- [AsyncResolver-bootstrap-executor-0] c.n.d.s.r.aws.ConfigClusterResolver      : Resolving eureka endpoints via configuration
2020-05-10 21:54:19.514  INFO 8115 --- [hystrix-ProductOrderController-10] c.netflix.discovery.shared.Application   : tracking order
2020-05-10 21:54:36.207  INFO 8115 --- [hystrix-ProductOrderController-10] c.netflix.discovery.shared.Application   : updating order
2020-05-10 21:54:37.208 ERROR 8115 --- [HystrixTimer-1] c.netflix.discovery.shared.Application   : updating order failed !
2020-05-10 21:54:51.975  INFO 8115 --- [hystrix-ProductOrderController-10] c.netflix.discovery.shared.Application   : getting orders
2020-05-10 21:55:16.292  INFO 8115 --- [hystrix-ProductOrderController-10] c.netflix.discovery.shared.Application   : updating order
2020-05-10 21:58:38.580  INFO 8115 --- [hystrix-ProductOrderController-10] c.netflix.discovery.shared.Application   : getting distributor
2020-05-10 21:59:02.743  INFO 8115 --- [hystrix-ProductOrderController-10] c.netflix.discovery.shared.Application   : getting distributor
2020-05-10 21:59:11.242  INFO 8115 --- [AsyncResolver-bootstrap-executor-0] c.n.d.s.r.aws.ConfigClusterResolver      : Resolving eureka endpoints via configuration
2020-05-10 22:04:11.243  INFO 8115 --- [AsyncResolver-bootstrap-executor-0] c.n.d.s.r.aws.ConfigClusterResolver      : Resolving eureka endpoints via configuration
2020-05-10 22:04:59.345  INFO 8115 --- [hystrix-ProductOrderController-10] c.netflix.discovery.shared.Application   : getting distributor
2020-05-10 22:09:11.281  INFO 8115 --- [AsyncResolver-bootstrap-executor-0] c.n.d.s.r.aws.ConfigClusterResolver      : Resolving eureka endpoints via configuration
2020-05-10 22:13:21.046  INFO 8115 --- [Thread-1] o.s.c.n.e.s.EurekaServiceRegistry        : Unregistering application PRODUCT-ORDER with eureka with status DOWN
2020-05-10 22:13:21.046  WARN 8115 --- [Thread-1] com.netflix.discovery.DiscoveryClient    : Saw local status change event StatusChangeEvent [timestamp=1589129001046, current=DOWN, previous=UP]
2020-05-10 22:13:21.047  INFO 8115 --- [DiscoveryClient-InstanceInfoReplicator-0] com.netflix.discovery.DiscoveryClient    : DiscoveryClient_PRODUCT-ORDER/192.168.0.105:product-order:8014: registering service...
2020-05-10 22:13:21.051  INFO 8115 --- [DiscoveryClient-InstanceInfoReplicator-0] com.netflix.discovery.DiscoveryClient    : DiscoveryClient_PRODUCT-ORDER/192.168.0.105:product-order:8014 - registration status: 204
2020-05-10 22:13:21.056  INFO 8115 --- [Thread-1] o.s.s.concurrent.ThreadPoolTaskExecutor  : Shutting down ExecutorService 'applicationTaskExecutor'
2020-05-10 22:13:21.068  INFO 8115 --- [Thread-1] j.LocalContainerEntityManagerFactoryBean : Closing JPA EntityManagerFactory for persistence unit 'default'
2020-05-10 22:13:21.075  INFO 8115 --- [Thread-1] com.zaxxer.hikari.HikariDataSource       : HikariPool-1 - Shutdown initiated...
2020-05-10 22:13:21.093  INFO 8115 --- [Thread-1] com.zaxxer.hikari.HikariDataSource       : HikariPool-1 - Shutdown completed.
2020-05-10 22:13:21.096  INFO 8115 --- [Thread-1] com.netflix.discovery.DiscoveryClient    : Shutting down DiscoveryClient ...
2020-05-10 22:13:24.098  INFO 8115 --- [Thread-1] com.netflix.discovery.DiscoveryClient    : Unregistering ...
2020-05-10 22:13:24.103  INFO 8115 --- [Thread-1] com.netflix.discovery.DiscoveryClient    : DiscoveryClient_PRODUCT-ORDER/192.168.0.105:product-order:8014 - deregister  status: 200
2020-05-10 22:13:24.120  INFO 8115 --- [Thread-1] com.netflix.discovery.DiscoveryClient    : Completed shut down of DiscoveryClient
2020-05-10 22:13:24.729  INFO 8115 --- [restartedMain] c.c.c.ConfigServicePropertySourceLocator : Fetching config from server at : http://localhost:8888
2020-05-10 22:13:24.925  INFO 8115 --- [restartedMain] c.c.c.ConfigServicePropertySourceLocator : Located environment: name=product-order, profiles=[default], label=null, version=ea29f4e16eb91b1e22afa80e4749738f94f1ff52, state=null
2020-05-10 22:13:24.926  INFO 8115 --- [restartedMain] b.c.PropertySourceBootstrapConfiguration : Located property source: [BootstrapPropertySource {name='bootstrapProperties-configClient'}, BootstrapPropertySource {name='bootstrapProperties-file:///home/sokoke/Documents/workspace-spring-tool-suite-4-4.5.1.RELEASE/git-localconfig-repo/product-order.properties'}]
2020-05-10 22:13:24.944  INFO 8115 --- [restartedMain] com.cg.dd.app.ProductOrderApplication    : No active profile set, falling back to default profiles: default
2020-05-10 22:13:25.634  INFO 8115 --- [restartedMain] .s.d.r.c.RepositoryConfigurationDelegate : Bootstrapping Spring Data JPA repositories in DEFAULT mode.
2020-05-10 22:13:25.637  INFO 8115 --- [restartedMain] .s.d.r.c.RepositoryConfigurationDelegate : Finished Spring Data repository scanning in 2ms. Found 0 JPA repository interfaces.
2020-05-10 22:13:25.758  INFO 8115 --- [restartedMain] o.s.cloud.context.scope.GenericScope     : BeanFactory id=320190fc-b224-35ed-8e9c-7d56e47d265c
2020-05-10 22:13:25.947  INFO 8115 --- [restartedMain] o.s.b.w.embedded.tomcat.TomcatWebServer  : Tomcat initialized with port(s): 8014 (http)
2020-05-10 22:13:25.948  INFO 8115 --- [restartedMain] o.apache.catalina.core.StandardService   : Starting service [Tomcat]
2020-05-10 22:13:25.948  INFO 8115 --- [restartedMain] org.apache.catalina.core.StandardEngine  : Starting Servlet engine: [Apache Tomcat/9.0.33]
2020-05-10 22:13:25.966  INFO 8115 --- [restartedMain] o.a.c.c.C.[Tomcat].[localhost].[/]       : Initializing Spring embedded WebApplicationContext
2020-05-10 22:13:25.966  INFO 8115 --- [restartedMain] o.s.web.context.ContextLoader            : Root WebApplicationContext: initialization completed in 1016 ms
2020-05-10 22:13:26.005  WARN 8115 --- [restartedMain] c.n.c.sources.URLConfigurationSource     : No URLs will be polled as dynamic configuration sources.
2020-05-10 22:13:26.005  INFO 8115 --- [restartedMain] c.n.c.sources.URLConfigurationSource     : To enable URLs as dynamic configuration sources, define System property archaius.configurationSource.additionalUrls or make config.properties available on classpath.
2020-05-10 22:13:26.006  INFO 8115 --- [restartedMain] c.netflix.config.DynamicPropertyFactory  : DynamicPropertyFactory is initialized with configuration sources: com.netflix.config.ConcurrentCompositeConfiguration@605c97a5
2020-05-10 22:13:26.349  INFO 8115 --- [restartedMain] o.hibernate.jpa.internal.util.LogHelper  : HHH000204: Processing PersistenceUnitInfo [name: default]
2020-05-10 22:13:26.356  INFO 8115 --- [restartedMain] com.zaxxer.hikari.HikariDataSource       : HikariPool-2 - Starting...
2020-05-10 22:13:26.356  WARN 8115 --- [restartedMain] com.zaxxer.hikari.util.DriverDataSource  : Registered driver with driverClassName=com.mysql.jdbc.Driver was not found, trying direct instantiation.
2020-05-10 22:13:26.525  INFO 8115 --- [restartedMain] com.zaxxer.hikari.HikariDataSource       : HikariPool-2 - Start completed.
2020-05-10 22:13:26.526  INFO 8115 --- [restartedMain] org.hibernate.dialect.Dialect            : HHH000400: Using dialect: org.hibernate.dialect.MySQL5InnoDBDialect
2020-05-10 22:13:26.867  INFO 8115 --- [restartedMain] o.h.e.t.j.p.i.JtaPlatformInitiator       : HHH000490: Using JtaPlatform implementation: [org.hibernate.engine.transaction.jta.platform.internal.NoJtaPlatform]
2020-05-10 22:13:26.867  INFO 8115 --- [restartedMain] j.LocalContainerEntityManagerFactoryBean : Initialized JPA EntityManagerFactory for persistence unit 'default'
2020-05-10 22:13:26.888  WARN 8115 --- [restartedMain] o.s.b.d.a.OptionalLiveReloadServer       : Unable to start LiveReload server
2020-05-10 22:13:27.058  WARN 8115 --- [restartedMain] JpaBaseConfiguration$JpaWebConfiguration : spring.jpa.open-in-view is enabled by default. Therefore, database queries may be performed during view rendering. Explicitly configure spring.jpa.open-in-view to disable this warning
2020-05-10 22:13:27.178  INFO 8115 --- [restartedMain] o.s.b.a.e.web.EndpointLinksResolver      : Exposing 2 endpoint(s) beneath base path '/actuator'
2020-05-10 22:13:27.227  INFO 8115 --- [restartedMain] pertySourcedRequestMappingHandlerMapping : Mapped URL path [/v2/api-docs] onto method [springfox.documentation.swagger2.web.Swagger2Controller#getDocumentation(String, HttpServletRequest)]
2020-05-10 22:13:27.234  WARN 8115 --- [restartedMain] c.n.c.sources.URLConfigurationSource     : No URLs will be polled as dynamic configuration sources.
2020-05-10 22:13:27.234  INFO 8115 --- [restartedMain] c.n.c.sources.URLConfigurationSource     : To enable URLs as dynamic configuration sources, define System property archaius.configurationSource.additionalUrls or make config.properties available on classpath.
2020-05-10 22:13:27.315  INFO 8115 --- [restartedMain] o.s.s.concurrent.ThreadPoolTaskExecutor  : Initializing ExecutorService 'applicationTaskExecutor'
2020-05-10 22:13:27.591  WARN 8115 --- [restartedMain] ockingLoadBalancerClientRibbonWarnLogger : You already have RibbonLoadBalancerClient on your classpath. It will be used by default. As Spring Cloud Ribbon is in maintenance mode. We recommend switching to BlockingLoadBalancerClient instead. In order to use it, set the value of `spring.cloud.loadbalancer.ribbon.enabled` to `false` or remove spring-cloud-starter-netflix-ribbon from your project.
2020-05-10 22:13:27.685  INFO 8115 --- [restartedMain] o.s.c.n.eureka.InstanceInfoFactory       : Setting initial instance status as: STARTING
2020-05-10 22:13:27.689  INFO 8115 --- [restartedMain] com.netflix.discovery.DiscoveryClient    : Initializing Eureka in region us-east-1
2020-05-10 22:13:27.691  INFO 8115 --- [restartedMain] c.n.d.provider.DiscoveryJerseyProvider   : Using JSON encoding codec LegacyJacksonJson
2020-05-10 22:13:27.691  INFO 8115 --- [restartedMain] c.n.d.provider.DiscoveryJerseyProvider   : Using JSON decoding codec LegacyJacksonJson
2020-05-10 22:13:27.691  INFO 8115 --- [restartedMain] c.n.d.provider.DiscoveryJerseyProvider   : Using XML encoding codec XStreamXml
2020-05-10 22:13:27.691  INFO 8115 --- [restartedMain] c.n.d.provider.DiscoveryJerseyProvider   : Using XML decoding codec XStreamXml
2020-05-10 22:13:27.774  INFO 8115 --- [restartedMain] c.n.d.s.r.aws.ConfigClusterResolver      : Resolving eureka endpoints via configuration
2020-05-10 22:13:27.775  INFO 8115 --- [restartedMain] com.netflix.discovery.DiscoveryClient    : Disable delta property : false
2020-05-10 22:13:27.775  INFO 8115 --- [restartedMain] com.netflix.discovery.DiscoveryClient    : Single vip registry refresh property : null
2020-05-10 22:13:27.776  INFO 8115 --- [restartedMain] com.netflix.discovery.DiscoveryClient    : Force full registry fetch : false
2020-05-10 22:13:27.776  INFO 8115 --- [restartedMain] com.netflix.discovery.DiscoveryClient    : Application is null : false
2020-05-10 22:13:27.776  INFO 8115 --- [restartedMain] com.netflix.discovery.DiscoveryClient    : Registered Applications size is zero : true
2020-05-10 22:13:27.776  INFO 8115 --- [restartedMain] com.netflix.discovery.DiscoveryClient    : Application version is -1: true
2020-05-10 22:13:27.776  INFO 8115 --- [restartedMain] com.netflix.discovery.DiscoveryClient    : Getting all instance registry info from the eureka server
2020-05-10 22:13:27.779  INFO 8115 --- [restartedMain] com.netflix.discovery.DiscoveryClient    : The response status is 200
2020-05-10 22:13:27.780  INFO 8115 --- [restartedMain] com.netflix.discovery.DiscoveryClient    : Starting heartbeat executor: renew interval is: 30
2020-05-10 22:13:27.781  INFO 8115 --- [restartedMain] c.n.discovery.InstanceInfoReplicator     : InstanceInfoReplicator onDemand update allowed rate per min is 4
2020-05-10 22:13:27.782  INFO 8115 --- [restartedMain] com.netflix.discovery.DiscoveryClient    : Discovery Client initialized at timestamp 1589129007782 with initial instances count: 2
2020-05-10 22:13:27.786  INFO 8115 --- [restartedMain] o.s.c.n.e.s.EurekaServiceRegistry        : Registering application PRODUCT-ORDER with eureka with status UP
2020-05-10 22:13:27.787  INFO 8115 --- [restartedMain] com.netflix.discovery.DiscoveryClient    : Saw local status change event StatusChangeEvent [timestamp=1589129007787, current=UP, previous=STARTING]
2020-05-10 22:13:27.787  INFO 8115 --- [DiscoveryClient-InstanceInfoReplicator-0] com.netflix.discovery.DiscoveryClient    : DiscoveryClient_PRODUCT-ORDER/192.168.0.105:product-order:8014: registering service...
2020-05-10 22:13:27.789  INFO 8115 --- [restartedMain] d.s.w.p.DocumentationPluginsBootstrapper : Context refreshed
2020-05-10 22:13:27.793  INFO 8115 --- [DiscoveryClient-InstanceInfoReplicator-0] com.netflix.discovery.DiscoveryClient    : DiscoveryClient_PRODUCT-ORDER/192.168.0.105:product-order:8014 - registration status: 204
2020-05-10 22:13:27.798  INFO 8115 --- [restartedMain] d.s.w.p.DocumentationPluginsBootstrapper : Found 1 custom documentation plugin(s)
2020-05-10 22:13:27.805  INFO 8115 --- [restartedMain] s.d.s.w.s.ApiListingReferenceScanner     : Scanning for api listing references
2020-05-10 22:13:27.843  INFO 8115 --- [restartedMain] .d.s.w.r.o.CachingOperationNameGenerator : Generating unique operation named: handleUsingGET_1
2020-05-10 22:13:27.846  INFO 8115 --- [restartedMain] .d.s.w.r.o.CachingOperationNameGenerator : Generating unique operation named: handleUsingGET_2
2020-05-10 22:13:27.941  INFO 8115 --- [restartedMain] o.s.b.w.embedded.tomcat.TomcatWebServer  : Tomcat started on port(s): 8014 (http) with context path ''
2020-05-10 22:13:27.942  INFO 8115 --- [restartedMain] .s.c.n.e.s.EurekaAutoServiceRegistration : Updating port to 8014
2020-05-10 22:13:28.076  INFO 8115 --- [restartedMain] com.cg.dd.app.ProductOrderApplication    : Started ProductOrderApplication in 3.747 seconds (JVM running for 2074.492)
2020-05-10 22:13:28.088  INFO 8115 --- [restartedMain] .ConditionEvaluationDeltaLoggingListener : Condition evaluation unchanged
2020-05-10 22:13:53.908  INFO 8115 --- [Thread-9] o.s.c.n.e.s.EurekaServiceRegistry        : Unregistering application PRODUCT-ORDER with eureka with status DOWN
2020-05-10 22:13:53.937  WARN 8115 --- [Thread-9] com.netflix.discovery.DiscoveryClient    : Saw local status change event StatusChangeEvent [timestamp=1589129033937, current=DOWN, previous=UP]
2020-05-10 22:13:53.938  INFO 8115 --- [DiscoveryClient-InstanceInfoReplicator-0] com.netflix.discovery.DiscoveryClient    : DiscoveryClient_PRODUCT-ORDER/192.168.0.105:product-order:8014: registering service...
2020-05-10 22:13:53.941  INFO 8115 --- [Thread-9] o.s.s.concurrent.ThreadPoolTaskExecutor  : Shutting down ExecutorService 'applicationTaskExecutor'
2020-05-10 22:13:53.942  INFO 8115 --- [DiscoveryClient-InstanceInfoReplicator-0] com.netflix.discovery.DiscoveryClient    : DiscoveryClient_PRODUCT-ORDER/192.168.0.105:product-order:8014 - registration status: 204
2020-05-10 22:13:53.944  INFO 8115 --- [Thread-9] j.LocalContainerEntityManagerFactoryBean : Closing JPA EntityManagerFactory for persistence unit 'default'
2020-05-10 22:13:53.947  INFO 8115 --- [Thread-9] com.zaxxer.hikari.HikariDataSource       : HikariPool-2 - Shutdown initiated...
2020-05-10 22:13:53.959  INFO 8115 --- [Thread-9] com.zaxxer.hikari.HikariDataSource       : HikariPool-2 - Shutdown completed.
2020-05-10 22:13:53.960  INFO 8115 --- [Thread-9] com.netflix.discovery.DiscoveryClient    : Shutting down DiscoveryClient ...
2020-05-10 22:13:56.961  INFO 8115 --- [Thread-9] com.netflix.discovery.DiscoveryClient    : Unregistering ...
2020-05-10 22:13:56.964  INFO 8115 --- [Thread-9] com.netflix.discovery.DiscoveryClient    : DiscoveryClient_PRODUCT-ORDER/192.168.0.105:product-order:8014 - deregister  status: 200
2020-05-10 22:13:56.978  INFO 8115 --- [Thread-9] com.netflix.discovery.DiscoveryClient    : Completed shut down of DiscoveryClient
2020-05-10 22:13:57.305  INFO 8115 --- [restartedMain] c.c.c.ConfigServicePropertySourceLocator : Fetching config from server at : http://localhost:8888
2020-05-10 22:13:57.592  INFO 8115 --- [restartedMain] c.c.c.ConfigServicePropertySourceLocator : Located environment: name=product-order, profiles=[default], label=null, version=ea29f4e16eb91b1e22afa80e4749738f94f1ff52, state=null
2020-05-10 22:13:57.593  INFO 8115 --- [restartedMain] b.c.PropertySourceBootstrapConfiguration : Located property source: [BootstrapPropertySource {name='bootstrapProperties-configClient'}, BootstrapPropertySource {name='bootstrapProperties-file:///home/sokoke/Documents/workspace-spring-tool-suite-4-4.5.1.RELEASE/git-localconfig-repo/product-order.properties'}]
2020-05-10 22:13:57.611  INFO 8115 --- [restartedMain] com.cg.dd.app.ProductOrderApplication    : No active profile set, falling back to default profiles: default
2020-05-10 22:13:58.258  INFO 8115 --- [restartedMain] .s.d.r.c.RepositoryConfigurationDelegate : Bootstrapping Spring Data JPA repositories in DEFAULT mode.
2020-05-10 22:13:58.260  INFO 8115 --- [restartedMain] .s.d.r.c.RepositoryConfigurationDelegate : Finished Spring Data repository scanning in 2ms. Found 0 JPA repository interfaces.
2020-05-10 22:13:58.350  INFO 8115 --- [restartedMain] o.s.cloud.context.scope.GenericScope     : BeanFactory id=320190fc-b224-35ed-8e9c-7d56e47d265c
2020-05-10 22:13:58.538  INFO 8115 --- [restartedMain] o.s.b.w.embedded.tomcat.TomcatWebServer  : Tomcat initialized with port(s): 8014 (http)
2020-05-10 22:13:58.539  INFO 8115 --- [restartedMain] o.apache.catalina.core.StandardService   : Starting service [Tomcat]
2020-05-10 22:13:58.539  INFO 8115 --- [restartedMain] org.apache.catalina.core.StandardEngine  : Starting Servlet engine: [Apache Tomcat/9.0.33]
2020-05-10 22:13:58.665  INFO 8115 --- [restartedMain] o.a.c.c.C.[Tomcat].[localhost].[/]       : Initializing Spring embedded WebApplicationContext
2020-05-10 22:13:58.665  INFO 8115 --- [restartedMain] o.s.web.context.ContextLoader            : Root WebApplicationContext: initialization completed in 1049 ms
2020-05-10 22:13:58.714  WARN 8115 --- [restartedMain] c.n.c.sources.URLConfigurationSource     : No URLs will be polled as dynamic configuration sources.
2020-05-10 22:13:58.714  INFO 8115 --- [restartedMain] c.n.c.sources.URLConfigurationSource     : To enable URLs as dynamic configuration sources, define System property archaius.configurationSource.additionalUrls or make config.properties available on classpath.
2020-05-10 22:13:58.715  INFO 8115 --- [restartedMain] c.netflix.config.DynamicPropertyFactory  : DynamicPropertyFactory is initialized with configuration sources: com.netflix.config.ConcurrentCompositeConfiguration@1dae42b7
2020-05-10 22:13:59.213  INFO 8115 --- [restartedMain] o.hibernate.jpa.internal.util.LogHelper  : HHH000204: Processing PersistenceUnitInfo [name: default]
2020-05-10 22:13:59.222  INFO 8115 --- [restartedMain] com.zaxxer.hikari.HikariDataSource       : HikariPool-3 - Starting...
2020-05-10 22:13:59.223  WARN 8115 --- [restartedMain] com.zaxxer.hikari.util.DriverDataSource  : Registered driver with driverClassName=com.mysql.jdbc.Driver was not found, trying direct instantiation.
2020-05-10 22:13:59.416  INFO 8115 --- [restartedMain] com.zaxxer.hikari.HikariDataSource       : HikariPool-3 - Start completed.
2020-05-10 22:13:59.417  INFO 8115 --- [restartedMain] org.hibernate.dialect.Dialect            : HHH000400: Using dialect: org.hibernate.dialect.MySQL5InnoDBDialect
2020-05-10 22:13:59.565  INFO 8115 --- [restartedMain] o.h.e.t.j.p.i.JtaPlatformInitiator       : HHH000490: Using JtaPlatform implementation: [org.hibernate.engine.transaction.jta.platform.internal.NoJtaPlatform]
2020-05-10 22:13:59.566  INFO 8115 --- [restartedMain] j.LocalContainerEntityManagerFactoryBean : Initialized JPA EntityManagerFactory for persistence unit 'default'
2020-05-10 22:13:59.599  WARN 8115 --- [restartedMain] o.s.b.d.a.OptionalLiveReloadServer       : Unable to start LiveReload server
2020-05-10 22:13:59.780  WARN 8115 --- [restartedMain] JpaBaseConfiguration$JpaWebConfiguration : spring.jpa.open-in-view is enabled by default. Therefore, database queries may be performed during view rendering. Explicitly configure spring.jpa.open-in-view to disable this warning
2020-05-10 22:13:59.911  INFO 8115 --- [restartedMain] o.s.b.a.e.web.EndpointLinksResolver      : Exposing 2 endpoint(s) beneath base path '/actuator'
2020-05-10 22:13:59.977  INFO 8115 --- [restartedMain] pertySourcedRequestMappingHandlerMapping : Mapped URL path [/v2/api-docs] onto method [springfox.documentation.swagger2.web.Swagger2Controller#getDocumentation(String, HttpServletRequest)]
2020-05-10 22:13:59.989  WARN 8115 --- [restartedMain] c.n.c.sources.URLConfigurationSource     : No URLs will be polled as dynamic configuration sources.
2020-05-10 22:13:59.990  INFO 8115 --- [restartedMain] c.n.c.sources.URLConfigurationSource     : To enable URLs as dynamic configuration sources, define System property archaius.configurationSource.additionalUrls or make config.properties available on classpath.
2020-05-10 22:14:00.117  INFO 8115 --- [restartedMain] o.s.s.concurrent.ThreadPoolTaskExecutor  : Initializing ExecutorService 'applicationTaskExecutor'
2020-05-10 22:14:00.458  WARN 8115 --- [restartedMain] ockingLoadBalancerClientRibbonWarnLogger : You already have RibbonLoadBalancerClient on your classpath. It will be used by default. As Spring Cloud Ribbon is in maintenance mode. We recommend switching to BlockingLoadBalancerClient instead. In order to use it, set the value of `spring.cloud.loadbalancer.ribbon.enabled` to `false` or remove spring-cloud-starter-netflix-ribbon from your project.
2020-05-10 22:14:00.538  INFO 8115 --- [restartedMain] o.s.c.n.eureka.InstanceInfoFactory       : Setting initial instance status as: STARTING
2020-05-10 22:14:00.542  INFO 8115 --- [restartedMain] com.netflix.discovery.DiscoveryClient    : Initializing Eureka in region us-east-1
2020-05-10 22:14:00.544  INFO 8115 --- [restartedMain] c.n.d.provider.DiscoveryJerseyProvider   : Using JSON encoding codec LegacyJacksonJson
2020-05-10 22:14:00.544  INFO 8115 --- [restartedMain] c.n.d.provider.DiscoveryJerseyProvider   : Using JSON decoding codec LegacyJacksonJson
2020-05-10 22:14:00.544  INFO 8115 --- [restartedMain] c.n.d.provider.DiscoveryJerseyProvider   : Using XML encoding codec XStreamXml
2020-05-10 22:14:00.544  INFO 8115 --- [restartedMain] c.n.d.provider.DiscoveryJerseyProvider   : Using XML decoding codec XStreamXml
2020-05-10 22:14:00.624  INFO 8115 --- [restartedMain] c.n.d.s.r.aws.ConfigClusterResolver      : Resolving eureka endpoints via configuration
2020-05-10 22:14:00.626  INFO 8115 --- [restartedMain] com.netflix.discovery.DiscoveryClient    : Disable delta property : false
2020-05-10 22:14:00.626  INFO 8115 --- [restartedMain] com.netflix.discovery.DiscoveryClient    : Single vip registry refresh property : null
2020-05-10 22:14:00.626  INFO 8115 --- [restartedMain] com.netflix.discovery.DiscoveryClient    : Force full registry fetch : false
2020-05-10 22:14:00.626  INFO 8115 --- [restartedMain] com.netflix.discovery.DiscoveryClient    : Application is null : false
2020-05-10 22:14:00.626  INFO 8115 --- [restartedMain] com.netflix.discovery.DiscoveryClient    : Registered Applications size is zero : true
2020-05-10 22:14:00.626  INFO 8115 --- [restartedMain] com.netflix.discovery.DiscoveryClient    : Application version is -1: true
2020-05-10 22:14:00.626  INFO 8115 --- [restartedMain] com.netflix.discovery.DiscoveryClient    : Getting all instance registry info from the eureka server
2020-05-10 22:14:00.629  INFO 8115 --- [restartedMain] com.netflix.discovery.DiscoveryClient    : The response status is 200
2020-05-10 22:14:00.630  INFO 8115 --- [restartedMain] com.netflix.discovery.DiscoveryClient    : Starting heartbeat executor: renew interval is: 30
2020-05-10 22:14:00.631  INFO 8115 --- [restartedMain] c.n.discovery.InstanceInfoReplicator     : InstanceInfoReplicator onDemand update allowed rate per min is 4
2020-05-10 22:14:00.632  INFO 8115 --- [restartedMain] com.netflix.discovery.DiscoveryClient    : Discovery Client initialized at timestamp 1589129040632 with initial instances count: 1
2020-05-10 22:14:00.636  INFO 8115 --- [restartedMain] o.s.c.n.e.s.EurekaServiceRegistry        : Registering application PRODUCT-ORDER with eureka with status UP
2020-05-10 22:14:00.637  INFO 8115 --- [restartedMain] com.netflix.discovery.DiscoveryClient    : Saw local status change event StatusChangeEvent [timestamp=1589129040637, current=UP, previous=STARTING]
2020-05-10 22:14:00.641  INFO 8115 --- [DiscoveryClient-InstanceInfoReplicator-0] com.netflix.discovery.DiscoveryClient    : DiscoveryClient_PRODUCT-ORDER/192.168.0.105:product-order:8014: registering service...
2020-05-10 22:14:00.643  INFO 8115 --- [restartedMain] d.s.w.p.DocumentationPluginsBootstrapper : Context refreshed
2020-05-10 22:14:00.644  INFO 8115 --- [restartedMain] d.s.w.p.DocumentationPluginsBootstrapper : Found 1 custom documentation plugin(s)
2020-05-10 22:14:00.647  INFO 8115 --- [DiscoveryClient-InstanceInfoReplicator-0] com.netflix.discovery.DiscoveryClient    : DiscoveryClient_PRODUCT-ORDER/192.168.0.105:product-order:8014 - registration status: 204
2020-05-10 22:14:00.650  INFO 8115 --- [restartedMain] s.d.s.w.s.ApiListingReferenceScanner     : Scanning for api listing references
2020-05-10 22:14:00.713  INFO 8115 --- [restartedMain] .d.s.w.r.o.CachingOperationNameGenerator : Generating unique operation named: handleUsingGET_1
2020-05-10 22:14:00.714  INFO 8115 --- [restartedMain] .d.s.w.r.o.CachingOperationNameGenerator : Generating unique operation named: handleUsingGET_2
2020-05-10 22:14:00.768  INFO 8115 --- [restartedMain] o.s.b.w.embedded.tomcat.TomcatWebServer  : Tomcat started on port(s): 8014 (http) with context path ''
2020-05-10 22:14:00.769  INFO 8115 --- [restartedMain] .s.c.n.e.s.EurekaAutoServiceRegistration : Updating port to 8014
2020-05-10 22:14:00.841  INFO 8115 --- [restartedMain] com.cg.dd.app.ProductOrderApplication    : Started ProductOrderApplication in 3.702 seconds (JVM running for 2107.257)
2020-05-10 22:14:00.845  INFO 8115 --- [restartedMain] .ConditionEvaluationDeltaLoggingListener : Condition evaluation unchanged
2020-05-10 22:16:19.040  INFO 8115 --- [http-nio-8014-exec-1] o.a.c.c.C.[Tomcat].[localhost].[/]       : Initializing Spring DispatcherServlet 'dispatcherServlet'
2020-05-10 22:16:19.040  INFO 8115 --- [http-nio-8014-exec-1] o.s.web.servlet.DispatcherServlet        : Initializing Servlet 'dispatcherServlet'
2020-05-10 22:16:19.054  INFO 8115 --- [http-nio-8014-exec-1] o.s.web.servlet.DispatcherServlet        : Completed initialization in 13 ms
2020-05-10 22:16:19.064  INFO 8115 --- [hystrix-ProductOrderController-1] c.netflix.discovery.shared.Application   : getting distributor
2020-05-10 22:18:22.505  INFO 8115 --- [hystrix-ProductOrderController-2] c.netflix.discovery.shared.Application   : getting distributor
2020-05-10 22:18:41.160  INFO 8115 --- [RMI TCP Connection(3)-127.0.0.1] inMXBeanRegistrar$SpringApplicationAdmin : Application shutdown requested.
2020-05-10 22:18:41.161  INFO 8115 --- [RMI TCP Connection(3)-127.0.0.1] o.s.c.n.e.s.EurekaServiceRegistry        : Unregistering application PRODUCT-ORDER with eureka with status DOWN
2020-05-10 22:18:41.162  WARN 8115 --- [RMI TCP Connection(3)-127.0.0.1] com.netflix.discovery.DiscoveryClient    : Saw local status change event StatusChangeEvent [timestamp=1589129321162, current=DOWN, previous=UP]
2020-05-10 22:18:41.162  INFO 8115 --- [DiscoveryClient-InstanceInfoReplicator-0] com.netflix.discovery.DiscoveryClient    : DiscoveryClient_PRODUCT-ORDER/192.168.0.105:product-order:8014: registering service...
2020-05-10 22:18:41.167  INFO 8115 --- [DiscoveryClient-InstanceInfoReplicator-0] com.netflix.discovery.DiscoveryClient    : DiscoveryClient_PRODUCT-ORDER/192.168.0.105:product-order:8014 - registration status: 204
2020-05-10 22:18:41.171  INFO 8115 --- [RMI TCP Connection(3)-127.0.0.1] o.s.s.concurrent.ThreadPoolTaskExecutor  : Shutting down ExecutorService 'applicationTaskExecutor'
2020-05-10 22:18:41.177  INFO 8115 --- [RMI TCP Connection(3)-127.0.0.1] j.LocalContainerEntityManagerFactoryBean : Closing JPA EntityManagerFactory for persistence unit 'default'
2020-05-10 22:18:41.180  INFO 8115 --- [RMI TCP Connection(3)-127.0.0.1] com.zaxxer.hikari.HikariDataSource       : HikariPool-3 - Shutdown initiated...
2020-05-10 22:18:41.198  INFO 8115 --- [RMI TCP Connection(3)-127.0.0.1] com.zaxxer.hikari.HikariDataSource       : HikariPool-3 - Shutdown completed.
2020-05-10 22:18:41.199  INFO 8115 --- [RMI TCP Connection(3)-127.0.0.1] com.netflix.discovery.DiscoveryClient    : Shutting down DiscoveryClient ...
2020-05-10 22:18:44.201  INFO 8115 --- [RMI TCP Connection(3)-127.0.0.1] com.netflix.discovery.DiscoveryClient    : Unregistering ...
2020-05-10 22:18:44.282 ERROR 8115 --- [RMI TCP Connection(3)-127.0.0.1] c.n.d.s.t.d.RedirectingEurekaHttpClient  : Request execution error. endpoint=DefaultEndpoint{ serviceUrl='http://localhost:8761/eureka/}

com.sun.jersey.api.client.ClientHandlerException: java.net.ConnectException: Connection refused (Connection refused)
	at com.sun.jersey.client.apache4.ApacheHttpClient4Handler.handle(ApacheHttpClient4Handler.java:187) ~[jersey-apache-client4-1.19.1.jar:1.19.1]
	at com.sun.jersey.api.client.filter.GZIPContentEncodingFilter.handle(GZIPContentEncodingFilter.java:123) ~[jersey-client-1.19.1.jar:1.19.1]
	at com.netflix.discovery.EurekaIdentityHeaderFilter.handle(EurekaIdentityHeaderFilter.java:27) ~[eureka-client-1.9.17.jar:1.9.17]
	at com.sun.jersey.api.client.Client.handle(Client.java:652) ~[jersey-client-1.19.1.jar:1.19.1]
	at com.sun.jersey.api.client.WebResource.handle(WebResource.java:682) ~[jersey-client-1.19.1.jar:1.19.1]
	at com.sun.jersey.api.client.WebResource.access$200(WebResource.java:74) ~[jersey-client-1.19.1.jar:1.19.1]
	at com.sun.jersey.api.client.WebResource$Builder.delete(WebResource.java:591) ~[jersey-client-1.19.1.jar:1.19.1]
	at com.netflix.discovery.shared.transport.jersey.AbstractJerseyEurekaHttpClient.cancel(AbstractJerseyEurekaHttpClient.java:77) ~[eureka-client-1.9.17.jar:1.9.17]
	at com.netflix.discovery.shared.transport.decorator.EurekaHttpClientDecorator$2.execute(EurekaHttpClientDecorator.java:74) ~[eureka-client-1.9.17.jar:1.9.17]
	at com.netflix.discovery.shared.transport.decorator.MetricsCollectingEurekaHttpClient.execute(MetricsCollectingEurekaHttpClient.java:73) ~[eureka-client-1.9.17.jar:1.9.17]
	at com.netflix.discovery.shared.transport.decorator.EurekaHttpClientDecorator.cancel(EurekaHttpClientDecorator.java:71) ~[eureka-client-1.9.17.jar:1.9.17]
	at com.netflix.discovery.shared.transport.decorator.EurekaHttpClientDecorator$2.execute(EurekaHttpClientDecorator.java:74) ~[eureka-client-1.9.17.jar:1.9.17]
	at com.netflix.discovery.shared.transport.decorator.RedirectingEurekaHttpClient.execute(RedirectingEurekaHttpClient.java:89) ~[eureka-client-1.9.17.jar:1.9.17]
	at com.netflix.discovery.shared.transport.decorator.EurekaHttpClientDecorator.cancel(EurekaHttpClientDecorator.java:71) ~[eureka-client-1.9.17.jar:1.9.17]
	at com.netflix.discovery.shared.transport.decorator.EurekaHttpClientDecorator$2.execute(EurekaHttpClientDecorator.java:74) ~[eureka-client-1.9.17.jar:1.9.17]
	at com.netflix.discovery.shared.transport.decorator.RetryableEurekaHttpClient.execute(RetryableEurekaHttpClient.java:120) ~[eureka-client-1.9.17.jar:1.9.17]
	at com.netflix.discovery.shared.transport.decorator.EurekaHttpClientDecorator.cancel(EurekaHttpClientDecorator.java:71) ~[eureka-client-1.9.17.jar:1.9.17]
	at com.netflix.discovery.shared.transport.decorator.EurekaHttpClientDecorator$2.execute(EurekaHttpClientDecorator.java:74) ~[eureka-client-1.9.17.jar:1.9.17]
	at com.netflix.discovery.shared.transport.decorator.SessionedEurekaHttpClient.execute(SessionedEurekaHttpClient.java:77) ~[eureka-client-1.9.17.jar:1.9.17]
	at com.netflix.discovery.shared.transport.decorator.EurekaHttpClientDecorator.cancel(EurekaHttpClientDecorator.java:71) ~[eureka-client-1.9.17.jar:1.9.17]
	at com.netflix.discovery.DiscoveryClient.unregister(DiscoveryClient.java:946) ~[eureka-client-1.9.17.jar:1.9.17]
	at com.netflix.discovery.DiscoveryClient.shutdown(DiscoveryClient.java:922) ~[eureka-client-1.9.17.jar:1.9.17]
	at java.base/jdk.internal.reflect.NativeMethodAccessorImpl.invoke0(Native Method) ~[na:na]
	at java.base/jdk.internal.reflect.NativeMethodAccessorImpl.invoke(NativeMethodAccessorImpl.java:62) ~[na:na]
	at java.base/jdk.internal.reflect.DelegatingMethodAccessorImpl.invoke(DelegatingMethodAccessorImpl.java:43) ~[na:na]
	at java.base/java.lang.reflect.Method.invoke(Method.java:566) ~[na:na]
	at org.springframework.beans.factory.annotation.InitDestroyAnnotationBeanPostProcessor$LifecycleElement.invoke(InitDestroyAnnotationBeanPostProcessor.java:389) ~[spring-beans-5.2.5.RELEASE.jar:5.2.5.RELEASE]
	at org.springframework.beans.factory.annotation.InitDestroyAnnotationBeanPostProcessor$LifecycleMetadata.invokeDestroyMethods(InitDestroyAnnotationBeanPostProcessor.java:347) ~[spring-beans-5.2.5.RELEASE.jar:5.2.5.RELEASE]
	at org.springframework.beans.factory.annotation.InitDestroyAnnotationBeanPostProcessor.postProcessBeforeDestruction(InitDestroyAnnotationBeanPostProcessor.java:177) ~[spring-beans-5.2.5.RELEASE.jar:5.2.5.RELEASE]
	at org.springframework.beans.factory.support.DisposableBeanAdapter.destroy(DisposableBeanAdapter.java:242) ~[spring-beans-5.2.5.RELEASE.jar:5.2.5.RELEASE]
	at org.springframework.beans.factory.support.DisposableBeanAdapter.run(DisposableBeanAdapter.java:235) ~[spring-beans-5.2.5.RELEASE.jar:5.2.5.RELEASE]
	at org.springframework.cloud.context.scope.GenericScope$BeanLifecycleWrapper.destroy(GenericScope.java:403) ~[spring-cloud-context-2.2.2.RELEASE.jar:2.2.2.RELEASE]
	at org.springframework.cloud.context.scope.GenericScope.destroy(GenericScope.java:142) ~[spring-cloud-context-2.2.2.RELEASE.jar:2.2.2.RELEASE]
	at org.springframework.beans.factory.support.DisposableBeanAdapter.destroy(DisposableBeanAdapter.java:258) ~[spring-beans-5.2.5.RELEASE.jar:5.2.5.RELEASE]
	at org.springframework.beans.factory.support.DefaultSingletonBeanRegistry.destroyBean(DefaultSingletonBeanRegistry.java:571) ~[spring-beans-5.2.5.RELEASE.jar:5.2.5.RELEASE]
	at org.springframework.beans.factory.support.DefaultSingletonBeanRegistry.destroySingleton(DefaultSingletonBeanRegistry.java:543) ~[spring-beans-5.2.5.RELEASE.jar:5.2.5.RELEASE]
	at org.springframework.beans.factory.support.DefaultListableBeanFactory.destroySingleton(DefaultListableBeanFactory.java:1075) ~[spring-beans-5.2.5.RELEASE.jar:5.2.5.RELEASE]
	at org.springframework.beans.factory.support.DefaultSingletonBeanRegistry.destroySingletons(DefaultSingletonBeanRegistry.java:504) ~[spring-beans-5.2.5.RELEASE.jar:5.2.5.RELEASE]
	at org.springframework.beans.factory.support.DefaultListableBeanFactory.destroySingletons(DefaultListableBeanFactory.java:1068) ~[spring-beans-5.2.5.RELEASE.jar:5.2.5.RELEASE]
	at org.springframework.context.support.AbstractApplicationContext.destroyBeans(AbstractApplicationContext.java:1060) ~[spring-context-5.2.5.RELEASE.jar:5.2.5.RELEASE]
	at org.springframework.context.support.AbstractApplicationContext.doClose(AbstractApplicationContext.java:1029) ~[spring-context-5.2.5.RELEASE.jar:5.2.5.RELEASE]
	at org.springframework.context.support.AbstractApplicationContext.close(AbstractApplicationContext.java:978) ~[spring-context-5.2.5.RELEASE.jar:5.2.5.RELEASE]
	at org.springframework.boot.admin.SpringApplicationAdminMXBeanRegistrar$SpringApplicationAdmin.shutdown(SpringApplicationAdminMXBeanRegistrar.java:160) ~[spring-boot-2.2.6.RELEASE.jar:2.2.6.RELEASE]
	at java.base/jdk.internal.reflect.NativeMethodAccessorImpl.invoke0(Native Method) ~[na:na]
	at java.base/jdk.internal.reflect.NativeMethodAccessorImpl.invoke(NativeMethodAccessorImpl.java:62) ~[na:na]
	at java.base/jdk.internal.reflect.DelegatingMethodAccessorImpl.invoke(DelegatingMethodAccessorImpl.java:43) ~[na:na]
	at java.base/java.lang.reflect.Method.invoke(Method.java:566) ~[na:na]
	at sun.reflect.misc.Trampoline.invoke(MethodUtil.java:71) ~[na:na]
	at java.base/jdk.internal.reflect.NativeMethodAccessorImpl.invoke0(Native Method) ~[na:na]
	at java.base/jdk.internal.reflect.NativeMethodAccessorImpl.invoke(NativeMethodAccessorImpl.java:62) ~[na:na]
	at java.base/jdk.internal.reflect.DelegatingMethodAccessorImpl.invoke(DelegatingMethodAccessorImpl.java:43) ~[na:na]
	at java.base/java.lang.reflect.Method.invoke(Method.java:566) ~[na:na]
	at java.base/sun.reflect.misc.MethodUtil.invoke(MethodUtil.java:260) ~[na:na]
	at java.management/com.sun.jmx.mbeanserver.ConvertingMethod.invokeWithOpenReturn(ConvertingMethod.java:193) ~[na:na]
	at java.management/com.sun.jmx.mbeanserver.ConvertingMethod.invokeWithOpenReturn(ConvertingMethod.java:175) ~[na:na]
	at java.management/com.sun.jmx.mbeanserver.MXBeanIntrospector.invokeM2(MXBeanIntrospector.java:117) ~[na:na]
	at java.management/com.sun.jmx.mbeanserver.MXBeanIntrospector.invokeM2(MXBeanIntrospector.java:54) ~[na:na]
	at java.management/com.sun.jmx.mbeanserver.MBeanIntrospector.invokeM(MBeanIntrospector.java:237) ~[na:na]
	at java.management/com.sun.jmx.mbeanserver.PerInterface.invoke(PerInterface.java:138) ~[na:na]
	at java.management/com.sun.jmx.mbeanserver.MBeanSupport.invoke(MBeanSupport.java:252) ~[na:na]
	at java.management/com.sun.jmx.interceptor.DefaultMBeanServerInterceptor.invoke(DefaultMBeanServerInterceptor.java:809) ~[na:na]
	at java.management/com.sun.jmx.mbeanserver.JmxMBeanServer.invoke(JmxMBeanServer.java:801) ~[na:na]
	at java.management.rmi/javax.management.remote.rmi.RMIConnectionImpl.doOperation(RMIConnectionImpl.java:1466) ~[na:na]
	at java.management.rmi/javax.management.remote.rmi.RMIConnectionImpl$PrivilegedOperation.run(RMIConnectionImpl.java:1307) ~[na:na]
	at java.management.rmi/javax.management.remote.rmi.RMIConnectionImpl.doPrivilegedOperation(RMIConnectionImpl.java:1399) ~[na:na]
	at java.management.rmi/javax.management.remote.rmi.RMIConnectionImpl.invoke(RMIConnectionImpl.java:827) ~[na:na]
	at java.base/jdk.internal.reflect.NativeMethodAccessorImpl.invoke0(Native Method) ~[na:na]
	at java.base/jdk.internal.reflect.NativeMethodAccessorImpl.invoke(NativeMethodAccessorImpl.java:62) ~[na:na]
	at java.base/jdk.internal.reflect.DelegatingMethodAccessorImpl.invoke(DelegatingMethodAccessorImpl.java:43) ~[na:na]
	at java.base/java.lang.reflect.Method.invoke(Method.java:566) ~[na:na]
	at java.rmi/sun.rmi.server.UnicastServerRef.dispatch(UnicastServerRef.java:359) ~[na:na]
	at java.rmi/sun.rmi.transport.Transport$1.run(Transport.java:200) ~[na:na]
	at java.rmi/sun.rmi.transport.Transport$1.run(Transport.java:197) ~[na:na]
	at java.base/java.security.AccessController.doPrivileged(Native Method) ~[na:na]
	at java.rmi/sun.rmi.transport.Transport.serviceCall(Transport.java:196) ~[na:na]
	at java.rmi/sun.rmi.transport.tcp.TCPTransport.handleMessages(TCPTransport.java:562) ~[na:na]
	at java.rmi/sun.rmi.transport.tcp.TCPTransport$ConnectionHandler.run0(TCPTransport.java:796) ~[na:na]
	at java.rmi/sun.rmi.transport.tcp.TCPTransport$ConnectionHandler.lambda$run$0(TCPTransport.java:677) ~[na:na]
	at java.base/java.security.AccessController.doPrivileged(Native Method) ~[na:na]
	at java.rmi/sun.rmi.transport.tcp.TCPTransport$ConnectionHandler.run(TCPTransport.java:676) ~[na:na]
	at java.base/java.util.concurrent.ThreadPoolExecutor.runWorker(ThreadPoolExecutor.java:1128) ~[na:na]
	at java.base/java.util.concurrent.ThreadPoolExecutor$Worker.run(ThreadPoolExecutor.java:628) ~[na:na]
	at java.base/java.lang.Thread.run(Thread.java:834) ~[na:na]
Caused by: java.net.ConnectException: Connection refused (Connection refused)
	at java.base/java.net.PlainSocketImpl.socketConnect(Native Method) ~[na:na]
	at java.base/java.net.AbstractPlainSocketImpl.doConnect(AbstractPlainSocketImpl.java:399) ~[na:na]
	at java.base/java.net.AbstractPlainSocketImpl.connectToAddress(AbstractPlainSocketImpl.java:242) ~[na:na]
	at java.base/java.net.AbstractPlainSocketImpl.connect(AbstractPlainSocketImpl.java:224) ~[na:na]
	at java.base/java.net.SocksSocketImpl.connect(SocksSocketImpl.java:403) ~[na:na]
	at java.base/java.net.Socket.connect(Socket.java:609) ~[na:na]
	at org.apache.http.conn.scheme.PlainSocketFactory.connectSocket(PlainSocketFactory.java:121) ~[httpclient-4.5.12.jar:4.5.12]
	at org.apache.http.impl.conn.DefaultClientConnectionOperator.openConnection(DefaultClientConnectionOperator.java:180) ~[httpclient-4.5.12.jar:4.5.12]
	at org.apache.http.impl.conn.AbstractPoolEntry.open(AbstractPoolEntry.java:144) ~[httpclient-4.5.12.jar:4.5.12]
	at org.apache.http.impl.conn.AbstractPooledConnAdapter.open(AbstractPooledConnAdapter.java:134) ~[httpclient-4.5.12.jar:4.5.12]
	at org.apache.http.impl.client.DefaultRequestDirector.tryConnect(DefaultRequestDirector.java:605) ~[httpclient-4.5.12.jar:4.5.12]
	at org.apache.http.impl.client.DefaultRequestDirector.execute(DefaultRequestDirector.java:440) ~[httpclient-4.5.12.jar:4.5.12]
	at org.apache.http.impl.client.AbstractHttpClient.doExecute(AbstractHttpClient.java:835) ~[httpclient-4.5.12.jar:4.5.12]
	at org.apache.http.impl.client.CloseableHttpClient.execute(CloseableHttpClient.java:118) ~[httpclient-4.5.12.jar:4.5.12]
	at org.apache.http.impl.client.CloseableHttpClient.execute(CloseableHttpClient.java:56) ~[httpclient-4.5.12.jar:4.5.12]
	at com.sun.jersey.client.apache4.ApacheHttpClient4Handler.handle(ApacheHttpClient4Handler.java:173) ~[jersey-apache-client4-1.19.1.jar:1.19.1]
	... 82 common frames omitted

2020-05-10 22:18:44.284  WARN 8115 --- [RMI TCP Connection(3)-127.0.0.1] c.n.d.s.t.d.RetryableEurekaHttpClient    : Request execution failed with message: java.net.ConnectException: Connection refused (Connection refused)
2020-05-10 22:18:44.286 ERROR 8115 --- [RMI TCP Connection(3)-127.0.0.1] c.n.d.s.t.d.RedirectingEurekaHttpClient  : Request execution error. endpoint=DefaultEndpoint{ serviceUrl='http://localhost:8761/eureka/}

com.sun.jersey.api.client.ClientHandlerException: java.net.ConnectException: Connection refused (Connection refused)
	at com.sun.jersey.client.apache4.ApacheHttpClient4Handler.handle(ApacheHttpClient4Handler.java:187) ~[jersey-apache-client4-1.19.1.jar:1.19.1]
	at com.sun.jersey.api.client.filter.GZIPContentEncodingFilter.handle(GZIPContentEncodingFilter.java:123) ~[jersey-client-1.19.1.jar:1.19.1]
	at com.netflix.discovery.EurekaIdentityHeaderFilter.handle(EurekaIdentityHeaderFilter.java:27) ~[eureka-client-1.9.17.jar:1.9.17]
	at com.sun.jersey.api.client.Client.handle(Client.java:652) ~[jersey-client-1.19.1.jar:1.19.1]
	at com.sun.jersey.api.client.WebResource.handle(WebResource.java:682) ~[jersey-client-1.19.1.jar:1.19.1]
	at com.sun.jersey.api.client.WebResource.access$200(WebResource.java:74) ~[jersey-client-1.19.1.jar:1.19.1]
	at com.sun.jersey.api.client.WebResource$Builder.delete(WebResource.java:591) ~[jersey-client-1.19.1.jar:1.19.1]
	at com.netflix.discovery.shared.transport.jersey.AbstractJerseyEurekaHttpClient.cancel(AbstractJerseyEurekaHttpClient.java:77) ~[eureka-client-1.9.17.jar:1.9.17]
	at com.netflix.discovery.shared.transport.decorator.EurekaHttpClientDecorator$2.execute(EurekaHttpClientDecorator.java:74) ~[eureka-client-1.9.17.jar:1.9.17]
	at com.netflix.discovery.shared.transport.decorator.MetricsCollectingEurekaHttpClient.execute(MetricsCollectingEurekaHttpClient.java:73) ~[eureka-client-1.9.17.jar:1.9.17]
	at com.netflix.discovery.shared.transport.decorator.EurekaHttpClientDecorator.cancel(EurekaHttpClientDecorator.java:71) ~[eureka-client-1.9.17.jar:1.9.17]
	at com.netflix.discovery.shared.transport.decorator.EurekaHttpClientDecorator$2.execute(EurekaHttpClientDecorator.java:74) ~[eureka-client-1.9.17.jar:1.9.17]
	at com.netflix.discovery.shared.transport.decorator.RedirectingEurekaHttpClient.executeOnNewServer(RedirectingEurekaHttpClient.java:118) ~[eureka-client-1.9.17.jar:1.9.17]
	at com.netflix.discovery.shared.transport.decorator.RedirectingEurekaHttpClient.execute(RedirectingEurekaHttpClient.java:79) ~[eureka-client-1.9.17.jar:1.9.17]
	at com.netflix.discovery.shared.transport.decorator.EurekaHttpClientDecorator.cancel(EurekaHttpClientDecorator.java:71) ~[eureka-client-1.9.17.jar:1.9.17]
	at com.netflix.discovery.shared.transport.decorator.EurekaHttpClientDecorator$2.execute(EurekaHttpClientDecorator.java:74) ~[eureka-client-1.9.17.jar:1.9.17]
	at com.netflix.discovery.shared.transport.decorator.RetryableEurekaHttpClient.execute(RetryableEurekaHttpClient.java:120) ~[eureka-client-1.9.17.jar:1.9.17]
	at com.netflix.discovery.shared.transport.decorator.EurekaHttpClientDecorator.cancel(EurekaHttpClientDecorator.java:71) ~[eureka-client-1.9.17.jar:1.9.17]
	at com.netflix.discovery.shared.transport.decorator.EurekaHttpClientDecorator$2.execute(EurekaHttpClientDecorator.java:74) ~[eureka-client-1.9.17.jar:1.9.17]
	at com.netflix.discovery.shared.transport.decorator.SessionedEurekaHttpClient.execute(SessionedEurekaHttpClient.java:77) ~[eureka-client-1.9.17.jar:1.9.17]
	at com.netflix.discovery.shared.transport.decorator.EurekaHttpClientDecorator.cancel(EurekaHttpClientDecorator.java:71) ~[eureka-client-1.9.17.jar:1.9.17]
	at com.netflix.discovery.DiscoveryClient.unregister(DiscoveryClient.java:946) ~[eureka-client-1.9.17.jar:1.9.17]
	at com.netflix.discovery.DiscoveryClient.shutdown(DiscoveryClient.java:922) ~[eureka-client-1.9.17.jar:1.9.17]
	at java.base/jdk.internal.reflect.NativeMethodAccessorImpl.invoke0(Native Method) ~[na:na]
	at java.base/jdk.internal.reflect.NativeMethodAccessorImpl.invoke(NativeMethodAccessorImpl.java:62) ~[na:na]
	at java.base/jdk.internal.reflect.DelegatingMethodAccessorImpl.invoke(DelegatingMethodAccessorImpl.java:43) ~[na:na]
	at java.base/java.lang.reflect.Method.invoke(Method.java:566) ~[na:na]
	at org.springframework.beans.factory.annotation.InitDestroyAnnotationBeanPostProcessor$LifecycleElement.invoke(InitDestroyAnnotationBeanPostProcessor.java:389) ~[spring-beans-5.2.5.RELEASE.jar:5.2.5.RELEASE]
	at org.springframework.beans.factory.annotation.InitDestroyAnnotationBeanPostProcessor$LifecycleMetadata.invokeDestroyMethods(InitDestroyAnnotationBeanPostProcessor.java:347) ~[spring-beans-5.2.5.RELEASE.jar:5.2.5.RELEASE]
	at org.springframework.beans.factory.annotation.InitDestroyAnnotationBeanPostProcessor.postProcessBeforeDestruction(InitDestroyAnnotationBeanPostProcessor.java:177) ~[spring-beans-5.2.5.RELEASE.jar:5.2.5.RELEASE]
	at org.springframework.beans.factory.support.DisposableBeanAdapter.destroy(DisposableBeanAdapter.java:242) ~[spring-beans-5.2.5.RELEASE.jar:5.2.5.RELEASE]
	at org.springframework.beans.factory.support.DisposableBeanAdapter.run(DisposableBeanAdapter.java:235) ~[spring-beans-5.2.5.RELEASE.jar:5.2.5.RELEASE]
	at org.springframework.cloud.context.scope.GenericScope$BeanLifecycleWrapper.destroy(GenericScope.java:403) ~[spring-cloud-context-2.2.2.RELEASE.jar:2.2.2.RELEASE]
	at org.springframework.cloud.context.scope.GenericScope.destroy(GenericScope.java:142) ~[spring-cloud-context-2.2.2.RELEASE.jar:2.2.2.RELEASE]
	at org.springframework.beans.factory.support.DisposableBeanAdapter.destroy(DisposableBeanAdapter.java:258) ~[spring-beans-5.2.5.RELEASE.jar:5.2.5.RELEASE]
	at org.springframework.beans.factory.support.DefaultSingletonBeanRegistry.destroyBean(DefaultSingletonBeanRegistry.java:571) ~[spring-beans-5.2.5.RELEASE.jar:5.2.5.RELEASE]
	at org.springframework.beans.factory.support.DefaultSingletonBeanRegistry.destroySingleton(DefaultSingletonBeanRegistry.java:543) ~[spring-beans-5.2.5.RELEASE.jar:5.2.5.RELEASE]
	at org.springframework.beans.factory.support.DefaultListableBeanFactory.destroySingleton(DefaultListableBeanFactory.java:1075) ~[spring-beans-5.2.5.RELEASE.jar:5.2.5.RELEASE]
	at org.springframework.beans.factory.support.DefaultSingletonBeanRegistry.destroySingletons(DefaultSingletonBeanRegistry.java:504) ~[spring-beans-5.2.5.RELEASE.jar:5.2.5.RELEASE]
	at org.springframework.beans.factory.support.DefaultListableBeanFactory.destroySingletons(DefaultListableBeanFactory.java:1068) ~[spring-beans-5.2.5.RELEASE.jar:5.2.5.RELEASE]
	at org.springframework.context.support.AbstractApplicationContext.destroyBeans(AbstractApplicationContext.java:1060) ~[spring-context-5.2.5.RELEASE.jar:5.2.5.RELEASE]
	at org.springframework.context.support.AbstractApplicationContext.doClose(AbstractApplicationContext.java:1029) ~[spring-context-5.2.5.RELEASE.jar:5.2.5.RELEASE]
	at org.springframework.context.support.AbstractApplicationContext.close(AbstractApplicationContext.java:978) ~[spring-context-5.2.5.RELEASE.jar:5.2.5.RELEASE]
	at org.springframework.boot.admin.SpringApplicationAdminMXBeanRegistrar$SpringApplicationAdmin.shutdown(SpringApplicationAdminMXBeanRegistrar.java:160) ~[spring-boot-2.2.6.RELEASE.jar:2.2.6.RELEASE]
	at java.base/jdk.internal.reflect.NativeMethodAccessorImpl.invoke0(Native Method) ~[na:na]
	at java.base/jdk.internal.reflect.NativeMethodAccessorImpl.invoke(NativeMethodAccessorImpl.java:62) ~[na:na]
	at java.base/jdk.internal.reflect.DelegatingMethodAccessorImpl.invoke(DelegatingMethodAccessorImpl.java:43) ~[na:na]
	at java.base/java.lang.reflect.Method.invoke(Method.java:566) ~[na:na]
	at sun.reflect.misc.Trampoline.invoke(MethodUtil.java:71) ~[na:na]
	at java.base/jdk.internal.reflect.NativeMethodAccessorImpl.invoke0(Native Method) ~[na:na]
	at java.base/jdk.internal.reflect.NativeMethodAccessorImpl.invoke(NativeMethodAccessorImpl.java:62) ~[na:na]
	at java.base/jdk.internal.reflect.DelegatingMethodAccessorImpl.invoke(DelegatingMethodAccessorImpl.java:43) ~[na:na]
	at java.base/java.lang.reflect.Method.invoke(Method.java:566) ~[na:na]
	at java.base/sun.reflect.misc.MethodUtil.invoke(MethodUtil.java:260) ~[na:na]
	at java.management/com.sun.jmx.mbeanserver.ConvertingMethod.invokeWithOpenReturn(ConvertingMethod.java:193) ~[na:na]
	at java.management/com.sun.jmx.mbeanserver.ConvertingMethod.invokeWithOpenReturn(ConvertingMethod.java:175) ~[na:na]
	at java.management/com.sun.jmx.mbeanserver.MXBeanIntrospector.invokeM2(MXBeanIntrospector.java:117) ~[na:na]
	at java.management/com.sun.jmx.mbeanserver.MXBeanIntrospector.invokeM2(MXBeanIntrospector.java:54) ~[na:na]
	at java.management/com.sun.jmx.mbeanserver.MBeanIntrospector.invokeM(MBeanIntrospector.java:237) ~[na:na]
	at java.management/com.sun.jmx.mbeanserver.PerInterface.invoke(PerInterface.java:138) ~[na:na]
	at java.management/com.sun.jmx.mbeanserver.MBeanSupport.invoke(MBeanSupport.java:252) ~[na:na]
	at java.management/com.sun.jmx.interceptor.DefaultMBeanServerInterceptor.invoke(DefaultMBeanServerInterceptor.java:809) ~[na:na]
	at java.management/com.sun.jmx.mbeanserver.JmxMBeanServer.invoke(JmxMBeanServer.java:801) ~[na:na]
	at java.management.rmi/javax.management.remote.rmi.RMIConnectionImpl.doOperation(RMIConnectionImpl.java:1466) ~[na:na]
	at java.management.rmi/javax.management.remote.rmi.RMIConnectionImpl$PrivilegedOperation.run(RMIConnectionImpl.java:1307) ~[na:na]
	at java.management.rmi/javax.management.remote.rmi.RMIConnectionImpl.doPrivilegedOperation(RMIConnectionImpl.java:1399) ~[na:na]
	at java.management.rmi/javax.management.remote.rmi.RMIConnectionImpl.invoke(RMIConnectionImpl.java:827) ~[na:na]
	at java.base/jdk.internal.reflect.NativeMethodAccessorImpl.invoke0(Native Method) ~[na:na]
	at java.base/jdk.internal.reflect.NativeMethodAccessorImpl.invoke(NativeMethodAccessorImpl.java:62) ~[na:na]
	at java.base/jdk.internal.reflect.DelegatingMethodAccessorImpl.invoke(DelegatingMethodAccessorImpl.java:43) ~[na:na]
	at java.base/java.lang.reflect.Method.invoke(Method.java:566) ~[na:na]
	at java.rmi/sun.rmi.server.UnicastServerRef.dispatch(UnicastServerRef.java:359) ~[na:na]
	at java.rmi/sun.rmi.transport.Transport$1.run(Transport.java:200) ~[na:na]
	at java.rmi/sun.rmi.transport.Transport$1.run(Transport.java:197) ~[na:na]
	at java.base/java.security.AccessController.doPrivileged(Native Method) ~[na:na]
	at java.rmi/sun.rmi.transport.Transport.serviceCall(Transport.java:196) ~[na:na]
	at java.rmi/sun.rmi.transport.tcp.TCPTransport.handleMessages(TCPTransport.java:562) ~[na:na]
	at java.rmi/sun.rmi.transport.tcp.TCPTransport$ConnectionHandler.run0(TCPTransport.java:796) ~[na:na]
	at java.rmi/sun.rmi.transport.tcp.TCPTransport$ConnectionHandler.lambda$run$0(TCPTransport.java:677) ~[na:na]
	at java.base/java.security.AccessController.doPrivileged(Native Method) ~[na:na]
	at java.rmi/sun.rmi.transport.tcp.TCPTransport$ConnectionHandler.run(TCPTransport.java:676) ~[na:na]
	at java.base/java.util.concurrent.ThreadPoolExecutor.runWorker(ThreadPoolExecutor.java:1128) ~[na:na]
	at java.base/java.util.concurrent.ThreadPoolExecutor$Worker.run(ThreadPoolExecutor.java:628) ~[na:na]
	at java.base/java.lang.Thread.run(Thread.java:834) ~[na:na]
Caused by: java.net.ConnectException: Connection refused (Connection refused)
	at java.base/java.net.PlainSocketImpl.socketConnect(Native Method) ~[na:na]
	at java.base/java.net.AbstractPlainSocketImpl.doConnect(AbstractPlainSocketImpl.java:399) ~[na:na]
	at java.base/java.net.AbstractPlainSocketImpl.connectToAddress(AbstractPlainSocketImpl.java:242) ~[na:na]
	at java.base/java.net.AbstractPlainSocketImpl.connect(AbstractPlainSocketImpl.java:224) ~[na:na]
	at java.base/java.net.SocksSocketImpl.connect(SocksSocketImpl.java:403) ~[na:na]
	at java.base/java.net.Socket.connect(Socket.java:609) ~[na:na]
	at org.apache.http.conn.scheme.PlainSocketFactory.connectSocket(PlainSocketFactory.java:121) ~[httpclient-4.5.12.jar:4.5.12]
	at org.apache.http.impl.conn.DefaultClientConnectionOperator.openConnection(DefaultClientConnectionOperator.java:180) ~[httpclient-4.5.12.jar:4.5.12]
	at org.apache.http.impl.conn.AbstractPoolEntry.open(AbstractPoolEntry.java:144) ~[httpclient-4.5.12.jar:4.5.12]
	at org.apache.http.impl.conn.AbstractPooledConnAdapter.open(AbstractPooledConnAdapter.java:134) ~[httpclient-4.5.12.jar:4.5.12]
	at org.apache.http.impl.client.DefaultRequestDirector.tryConnect(DefaultRequestDirector.java:605) ~[httpclient-4.5.12.jar:4.5.12]
	at org.apache.http.impl.client.DefaultRequestDirector.execute(DefaultRequestDirector.java:440) ~[httpclient-4.5.12.jar:4.5.12]
	at org.apache.http.impl.client.AbstractHttpClient.doExecute(AbstractHttpClient.java:835) ~[httpclient-4.5.12.jar:4.5.12]
	at org.apache.http.impl.client.CloseableHttpClient.execute(CloseableHttpClient.java:118) ~[httpclient-4.5.12.jar:4.5.12]
	at org.apache.http.impl.client.CloseableHttpClient.execute(CloseableHttpClient.java:56) ~[httpclient-4.5.12.jar:4.5.12]
	at com.sun.jersey.client.apache4.ApacheHttpClient4Handler.handle(ApacheHttpClient4Handler.java:173) ~[jersey-apache-client4-1.19.1.jar:1.19.1]
	... 83 common frames omitted

2020-05-10 22:18:44.287  WARN 8115 --- [RMI TCP Connection(3)-127.0.0.1] c.n.d.s.t.d.RetryableEurekaHttpClient    : Request execution failed with message: java.net.ConnectException: Connection refused (Connection refused)
2020-05-10 22:18:44.289 ERROR 8115 --- [RMI TCP Connection(3)-127.0.0.1] com.netflix.discovery.DiscoveryClient    : DiscoveryClient_PRODUCT-ORDER/192.168.0.105:product-order:8014 - de-registration failedCannot execute request on any known server

com.netflix.discovery.shared.transport.TransportException: Cannot execute request on any known server
	at com.netflix.discovery.shared.transport.decorator.RetryableEurekaHttpClient.execute(RetryableEurekaHttpClient.java:112) ~[eureka-client-1.9.17.jar:1.9.17]
	at com.netflix.discovery.shared.transport.decorator.EurekaHttpClientDecorator.cancel(EurekaHttpClientDecorator.java:71) ~[eureka-client-1.9.17.jar:1.9.17]
	at com.netflix.discovery.shared.transport.decorator.EurekaHttpClientDecorator$2.execute(EurekaHttpClientDecorator.java:74) ~[eureka-client-1.9.17.jar:1.9.17]
	at com.netflix.discovery.shared.transport.decorator.SessionedEurekaHttpClient.execute(SessionedEurekaHttpClient.java:77) ~[eureka-client-1.9.17.jar:1.9.17]
	at com.netflix.discovery.shared.transport.decorator.EurekaHttpClientDecorator.cancel(EurekaHttpClientDecorator.java:71) ~[eureka-client-1.9.17.jar:1.9.17]
	at com.netflix.discovery.DiscoveryClient.unregister(DiscoveryClient.java:946) ~[eureka-client-1.9.17.jar:1.9.17]
	at com.netflix.discovery.DiscoveryClient.shutdown(DiscoveryClient.java:922) ~[eureka-client-1.9.17.jar:1.9.17]
	at java.base/jdk.internal.reflect.NativeMethodAccessorImpl.invoke0(Native Method) ~[na:na]
	at java.base/jdk.internal.reflect.NativeMethodAccessorImpl.invoke(NativeMethodAccessorImpl.java:62) ~[na:na]
	at java.base/jdk.internal.reflect.DelegatingMethodAccessorImpl.invoke(DelegatingMethodAccessorImpl.java:43) ~[na:na]
	at java.base/java.lang.reflect.Method.invoke(Method.java:566) ~[na:na]
	at org.springframework.beans.factory.annotation.InitDestroyAnnotationBeanPostProcessor$LifecycleElement.invoke(InitDestroyAnnotationBeanPostProcessor.java:389) ~[spring-beans-5.2.5.RELEASE.jar:5.2.5.RELEASE]
	at org.springframework.beans.factory.annotation.InitDestroyAnnotationBeanPostProcessor$LifecycleMetadata.invokeDestroyMethods(InitDestroyAnnotationBeanPostProcessor.java:347) ~[spring-beans-5.2.5.RELEASE.jar:5.2.5.RELEASE]
	at org.springframework.beans.factory.annotation.InitDestroyAnnotationBeanPostProcessor.postProcessBeforeDestruction(InitDestroyAnnotationBeanPostProcessor.java:177) ~[spring-beans-5.2.5.RELEASE.jar:5.2.5.RELEASE]
	at org.springframework.beans.factory.support.DisposableBeanAdapter.destroy(DisposableBeanAdapter.java:242) ~[spring-beans-5.2.5.RELEASE.jar:5.2.5.RELEASE]
	at org.springframework.beans.factory.support.DisposableBeanAdapter.run(DisposableBeanAdapter.java:235) ~[spring-beans-5.2.5.RELEASE.jar:5.2.5.RELEASE]
	at org.springframework.cloud.context.scope.GenericScope$BeanLifecycleWrapper.destroy(GenericScope.java:403) ~[spring-cloud-context-2.2.2.RELEASE.jar:2.2.2.RELEASE]
	at org.springframework.cloud.context.scope.GenericScope.destroy(GenericScope.java:142) ~[spring-cloud-context-2.2.2.RELEASE.jar:2.2.2.RELEASE]
	at org.springframework.beans.factory.support.DisposableBeanAdapter.destroy(DisposableBeanAdapter.java:258) ~[spring-beans-5.2.5.RELEASE.jar:5.2.5.RELEASE]
	at org.springframework.beans.factory.support.DefaultSingletonBeanRegistry.destroyBean(DefaultSingletonBeanRegistry.java:571) ~[spring-beans-5.2.5.RELEASE.jar:5.2.5.RELEASE]
	at org.springframework.beans.factory.support.DefaultSingletonBeanRegistry.destroySingleton(DefaultSingletonBeanRegistry.java:543) ~[spring-beans-5.2.5.RELEASE.jar:5.2.5.RELEASE]
	at org.springframework.beans.factory.support.DefaultListableBeanFactory.destroySingleton(DefaultListableBeanFactory.java:1075) ~[spring-beans-5.2.5.RELEASE.jar:5.2.5.RELEASE]
	at org.springframework.beans.factory.support.DefaultSingletonBeanRegistry.destroySingletons(DefaultSingletonBeanRegistry.java:504) ~[spring-beans-5.2.5.RELEASE.jar:5.2.5.RELEASE]
	at org.springframework.beans.factory.support.DefaultListableBeanFactory.destroySingletons(DefaultListableBeanFactory.java:1068) ~[spring-beans-5.2.5.RELEASE.jar:5.2.5.RELEASE]
	at org.springframework.context.support.AbstractApplicationContext.destroyBeans(AbstractApplicationContext.java:1060) ~[spring-context-5.2.5.RELEASE.jar:5.2.5.RELEASE]
	at org.springframework.context.support.AbstractApplicationContext.doClose(AbstractApplicationContext.java:1029) ~[spring-context-5.2.5.RELEASE.jar:5.2.5.RELEASE]
	at org.springframework.context.support.AbstractApplicationContext.close(AbstractApplicationContext.java:978) ~[spring-context-5.2.5.RELEASE.jar:5.2.5.RELEASE]
	at org.springframework.boot.admin.SpringApplicationAdminMXBeanRegistrar$SpringApplicationAdmin.shutdown(SpringApplicationAdminMXBeanRegistrar.java:160) ~[spring-boot-2.2.6.RELEASE.jar:2.2.6.RELEASE]
	at java.base/jdk.internal.reflect.NativeMethodAccessorImpl.invoke0(Native Method) ~[na:na]
	at java.base/jdk.internal.reflect.NativeMethodAccessorImpl.invoke(NativeMethodAccessorImpl.java:62) ~[na:na]
	at java.base/jdk.internal.reflect.DelegatingMethodAccessorImpl.invoke(DelegatingMethodAccessorImpl.java:43) ~[na:na]
	at java.base/java.lang.reflect.Method.invoke(Method.java:566) ~[na:na]
	at sun.reflect.misc.Trampoline.invoke(MethodUtil.java:71) ~[na:na]
	at java.base/jdk.internal.reflect.NativeMethodAccessorImpl.invoke0(Native Method) ~[na:na]
	at java.base/jdk.internal.reflect.NativeMethodAccessorImpl.invoke(NativeMethodAccessorImpl.java:62) ~[na:na]
	at java.base/jdk.internal.reflect.DelegatingMethodAccessorImpl.invoke(DelegatingMethodAccessorImpl.java:43) ~[na:na]
	at java.base/java.lang.reflect.Method.invoke(Method.java:566) ~[na:na]
	at java.base/sun.reflect.misc.MethodUtil.invoke(MethodUtil.java:260) ~[na:na]
	at java.management/com.sun.jmx.mbeanserver.ConvertingMethod.invokeWithOpenReturn(ConvertingMethod.java:193) ~[na:na]
	at java.management/com.sun.jmx.mbeanserver.ConvertingMethod.invokeWithOpenReturn(ConvertingMethod.java:175) ~[na:na]
	at java.management/com.sun.jmx.mbeanserver.MXBeanIntrospector.invokeM2(MXBeanIntrospector.java:117) ~[na:na]
	at java.management/com.sun.jmx.mbeanserver.MXBeanIntrospector.invokeM2(MXBeanIntrospector.java:54) ~[na:na]
	at java.management/com.sun.jmx.mbeanserver.MBeanIntrospector.invokeM(MBeanIntrospector.java:237) ~[na:na]
	at java.management/com.sun.jmx.mbeanserver.PerInterface.invoke(PerInterface.java:138) ~[na:na]
	at java.management/com.sun.jmx.mbeanserver.MBeanSupport.invoke(MBeanSupport.java:252) ~[na:na]
	at java.management/com.sun.jmx.interceptor.DefaultMBeanServerInterceptor.invoke(DefaultMBeanServerInterceptor.java:809) ~[na:na]
	at java.management/com.sun.jmx.mbeanserver.JmxMBeanServer.invoke(JmxMBeanServer.java:801) ~[na:na]
	at java.management.rmi/javax.management.remote.rmi.RMIConnectionImpl.doOperation(RMIConnectionImpl.java:1466) ~[na:na]
	at java.management.rmi/javax.management.remote.rmi.RMIConnectionImpl$PrivilegedOperation.run(RMIConnectionImpl.java:1307) ~[na:na]
	at java.management.rmi/javax.management.remote.rmi.RMIConnectionImpl.doPrivilegedOperation(RMIConnectionImpl.java:1399) ~[na:na]
	at java.management.rmi/javax.management.remote.rmi.RMIConnectionImpl.invoke(RMIConnectionImpl.java:827) ~[na:na]
	at java.base/jdk.internal.reflect.NativeMethodAccessorImpl.invoke0(Native Method) ~[na:na]
	at java.base/jdk.internal.reflect.NativeMethodAccessorImpl.invoke(NativeMethodAccessorImpl.java:62) ~[na:na]
	at java.base/jdk.internal.reflect.DelegatingMethodAccessorImpl.invoke(DelegatingMethodAccessorImpl.java:43) ~[na:na]
	at java.base/java.lang.reflect.Method.invoke(Method.java:566) ~[na:na]
	at java.rmi/sun.rmi.server.UnicastServerRef.dispatch(UnicastServerRef.java:359) ~[na:na]
	at java.rmi/sun.rmi.transport.Transport$1.run(Transport.java:200) ~[na:na]
	at java.rmi/sun.rmi.transport.Transport$1.run(Transport.java:197) ~[na:na]
	at java.base/java.security.AccessController.doPrivileged(Native Method) ~[na:na]
	at java.rmi/sun.rmi.transport.Transport.serviceCall(Transport.java:196) ~[na:na]
	at java.rmi/sun.rmi.transport.tcp.TCPTransport.handleMessages(TCPTransport.java:562) ~[na:na]
	at java.rmi/sun.rmi.transport.tcp.TCPTransport$ConnectionHandler.run0(TCPTransport.java:796) ~[na:na]
	at java.rmi/sun.rmi.transport.tcp.TCPTransport$ConnectionHandler.lambda$run$0(TCPTransport.java:677) ~[na:na]
	at java.base/java.security.AccessController.doPrivileged(Native Method) ~[na:na]
	at java.rmi/sun.rmi.transport.tcp.TCPTransport$ConnectionHandler.run(TCPTransport.java:676) ~[na:na]
	at java.base/java.util.concurrent.ThreadPoolExecutor.runWorker(ThreadPoolExecutor.java:1128) ~[na:na]
	at java.base/java.util.concurrent.ThreadPoolExecutor$Worker.run(ThreadPoolExecutor.java:628) ~[na:na]
	at java.base/java.lang.Thread.run(Thread.java:834) ~[na:na]

2020-05-10 22:18:44.303  INFO 8115 --- [RMI TCP Connection(3)-127.0.0.1] com.netflix.discovery.DiscoveryClient    : Completed shut down of DiscoveryClient
2020-05-10 22:18:44.305  INFO 8115 --- [RMI TCP Connection(3)-127.0.0.1] o.apache.catalina.core.StandardService   : Stopping service [Tomcat]
2020-05-10 22:18:44.315  INFO 8115 --- [RMI TCP Connection(3)-127.0.0.1] o.a.c.c.C.[Tomcat].[localhost].[/]       : Destroying Spring FrameworkServlet 'dispatcherServlet'
