2020-05-10 21:39:49.441  INFO 8345 --- [restartedMain] c.cg.dd.app.RawMaterialOrderApplication  : No active profile set, falling back to default profiles: default
2020-05-10 21:39:51.125  INFO 8345 --- [restartedMain] .s.d.r.c.RepositoryConfigurationDelegate : Bootstrapping Spring Data JPA repositories in DEFAULT mode.
2020-05-10 21:39:51.141  INFO 8345 --- [restartedMain] .s.d.r.c.RepositoryConfigurationDelegate : Finished Spring Data repository scanning in 10ms. Found 0 JPA repository interfaces.
2020-05-10 21:39:51.317  WARN 8345 --- [restartedMain] o.s.boot.actuate.endpoint.EndpointId     : Endpoint ID 'service-registry' contains invalid characters, please migrate to a valid format.
2020-05-10 21:39:51.342  WARN 8345 --- [restartedMain] o.s.boot.actuate.endpoint.EndpointId     : Endpoint ID 'hystrix.stream' contains invalid characters, please migrate to a valid format.
2020-05-10 21:39:51.490  INFO 8345 --- [restartedMain] o.s.cloud.context.scope.GenericScope     : BeanFactory id=9d8e66c7-6c09-33ff-86de-a94374aba015
2020-05-10 21:39:52.425  INFO 8345 --- [restartedMain] o.s.b.w.embedded.tomcat.TomcatWebServer  : Tomcat initialized with port(s): 8008 (http)
2020-05-10 21:39:52.463  INFO 8345 --- [restartedMain] o.apache.catalina.core.StandardService   : Starting service [Tomcat]
2020-05-10 21:39:52.464  INFO 8345 --- [restartedMain] org.apache.catalina.core.StandardEngine  : Starting Servlet engine: [Apache Tomcat/9.0.33]
2020-05-10 21:39:52.678  INFO 8345 --- [restartedMain] o.a.c.c.C.[Tomcat].[localhost].[/]       : Initializing Spring embedded WebApplicationContext
2020-05-10 21:39:52.678  INFO 8345 --- [restartedMain] o.s.web.context.ContextLoader            : Root WebApplicationContext: initialization completed in 3221 ms
2020-05-10 21:39:52.789  WARN 8345 --- [restartedMain] c.n.c.sources.URLConfigurationSource     : No URLs will be polled as dynamic configuration sources.
2020-05-10 21:39:52.789  INFO 8345 --- [restartedMain] c.n.c.sources.URLConfigurationSource     : To enable URLs as dynamic configuration sources, define System property archaius.configurationSource.additionalUrls or make config.properties available on classpath.
2020-05-10 21:39:52.799  INFO 8345 --- [restartedMain] c.netflix.config.DynamicPropertyFactory  : DynamicPropertyFactory is initialized with configuration sources: com.netflix.config.ConcurrentCompositeConfiguration@58efe43
2020-05-10 21:39:53.468  INFO 8345 --- [restartedMain] o.hibernate.jpa.internal.util.LogHelper  : HHH000204: Processing PersistenceUnitInfo [name: default]
2020-05-10 21:39:53.524  INFO 8345 --- [restartedMain] org.hibernate.Version                    : HHH000412: Hibernate ORM core version 5.4.12.Final
2020-05-10 21:39:53.606  INFO 8345 --- [restartedMain] o.hibernate.annotations.common.Version   : HCANN000001: Hibernate Commons Annotations {5.1.0.Final}
2020-05-10 21:39:53.685  INFO 8345 --- [restartedMain] com.zaxxer.hikari.HikariDataSource       : HikariPool-1 - Starting...
2020-05-10 21:39:53.687  WARN 8345 --- [restartedMain] com.zaxxer.hikari.util.DriverDataSource  : Registered driver with driverClassName=com.mysql.jdbc.Driver was not found, trying direct instantiation.
2020-05-10 21:39:54.131  INFO 8345 --- [restartedMain] com.zaxxer.hikari.HikariDataSource       : HikariPool-1 - Start completed.
2020-05-10 21:39:54.144  INFO 8345 --- [restartedMain] org.hibernate.dialect.Dialect            : HHH000400: Using dialect: org.hibernate.dialect.MySQL5InnoDBDialect
2020-05-10 21:39:54.905  INFO 8345 --- [restartedMain] o.h.e.t.j.p.i.JtaPlatformInitiator       : HHH000490: Using JtaPlatform implementation: [org.hibernate.engine.transaction.jta.platform.internal.NoJtaPlatform]
2020-05-10 21:39:54.911  INFO 8345 --- [restartedMain] j.LocalContainerEntityManagerFactoryBean : Initialized JPA EntityManagerFactory for persistence unit 'default'
2020-05-10 21:39:54.972  WARN 8345 --- [restartedMain] o.s.b.d.a.OptionalLiveReloadServer       : Unable to start LiveReload server
2020-05-10 21:39:55.248  WARN 8345 --- [restartedMain] JpaBaseConfiguration$JpaWebConfiguration : spring.jpa.open-in-view is enabled by default. Therefore, database queries may be performed during view rendering. Explicitly configure spring.jpa.open-in-view to disable this warning
2020-05-10 21:39:55.390  INFO 8345 --- [restartedMain] o.s.b.a.e.web.EndpointLinksResolver      : Exposing 2 endpoint(s) beneath base path '/actuator'
2020-05-10 21:39:55.514  INFO 8345 --- [restartedMain] pertySourcedRequestMappingHandlerMapping : Mapped URL path [/v2/api-docs] onto method [springfox.documentation.swagger2.web.Swagger2Controller#getDocumentation(String, HttpServletRequest)]
2020-05-10 21:39:55.526  WARN 8345 --- [restartedMain] c.n.c.sources.URLConfigurationSource     : No URLs will be polled as dynamic configuration sources.
2020-05-10 21:39:55.527  INFO 8345 --- [restartedMain] c.n.c.sources.URLConfigurationSource     : To enable URLs as dynamic configuration sources, define System property archaius.configurationSource.additionalUrls or make config.properties available on classpath.
2020-05-10 21:39:55.683  INFO 8345 --- [restartedMain] o.s.s.concurrent.ThreadPoolTaskExecutor  : Initializing ExecutorService 'applicationTaskExecutor'
2020-05-10 21:39:56.209  WARN 8345 --- [restartedMain] ockingLoadBalancerClientRibbonWarnLogger : You already have RibbonLoadBalancerClient on your classpath. It will be used by default. As Spring Cloud Ribbon is in maintenance mode. We recommend switching to BlockingLoadBalancerClient instead. In order to use it, set the value of `spring.cloud.loadbalancer.ribbon.enabled` to `false` or remove spring-cloud-starter-netflix-ribbon from your project.
2020-05-10 21:39:56.376  INFO 8345 --- [restartedMain] o.s.c.n.eureka.InstanceInfoFactory       : Setting initial instance status as: STARTING
2020-05-10 21:39:56.412  INFO 8345 --- [restartedMain] com.netflix.discovery.DiscoveryClient    : Initializing Eureka in region us-east-1
2020-05-10 21:39:56.485  INFO 8345 --- [restartedMain] c.n.d.provider.DiscoveryJerseyProvider   : Using JSON encoding codec LegacyJacksonJson
2020-05-10 21:39:56.485  INFO 8345 --- [restartedMain] c.n.d.provider.DiscoveryJerseyProvider   : Using JSON decoding codec LegacyJacksonJson
2020-05-10 21:39:56.618  INFO 8345 --- [restartedMain] c.n.d.provider.DiscoveryJerseyProvider   : Using XML encoding codec XStreamXml
2020-05-10 21:39:56.619  INFO 8345 --- [restartedMain] c.n.d.provider.DiscoveryJerseyProvider   : Using XML decoding codec XStreamXml
2020-05-10 21:39:56.832  INFO 8345 --- [restartedMain] c.n.d.s.r.aws.ConfigClusterResolver      : Resolving eureka endpoints via configuration
2020-05-10 21:39:56.853  INFO 8345 --- [restartedMain] com.netflix.discovery.DiscoveryClient    : Disable delta property : false
2020-05-10 21:39:56.853  INFO 8345 --- [restartedMain] com.netflix.discovery.DiscoveryClient    : Single vip registry refresh property : null
2020-05-10 21:39:56.853  INFO 8345 --- [restartedMain] com.netflix.discovery.DiscoveryClient    : Force full registry fetch : false
2020-05-10 21:39:56.854  INFO 8345 --- [restartedMain] com.netflix.discovery.DiscoveryClient    : Application is null : false
2020-05-10 21:39:56.854  INFO 8345 --- [restartedMain] com.netflix.discovery.DiscoveryClient    : Registered Applications size is zero : true
2020-05-10 21:39:56.854  INFO 8345 --- [restartedMain] com.netflix.discovery.DiscoveryClient    : Application version is -1: true
2020-05-10 21:39:56.854  INFO 8345 --- [restartedMain] com.netflix.discovery.DiscoveryClient    : Getting all instance registry info from the eureka server
2020-05-10 21:39:56.987  INFO 8345 --- [restartedMain] com.netflix.discovery.DiscoveryClient    : The response status is 200
2020-05-10 21:39:56.992  INFO 8345 --- [restartedMain] com.netflix.discovery.DiscoveryClient    : Starting heartbeat executor: renew interval is: 30
2020-05-10 21:39:56.995  INFO 8345 --- [restartedMain] c.n.discovery.InstanceInfoReplicator     : InstanceInfoReplicator onDemand update allowed rate per min is 4
2020-05-10 21:39:57.001  INFO 8345 --- [restartedMain] com.netflix.discovery.DiscoveryClient    : Discovery Client initialized at timestamp 1589126996999 with initial instances count: 1
2020-05-10 21:39:57.010  INFO 8345 --- [restartedMain] o.s.c.n.e.s.EurekaServiceRegistry        : Registering application RAWMATERIAL-ORDER with eureka with status UP
2020-05-10 21:39:57.011  INFO 8345 --- [restartedMain] com.netflix.discovery.DiscoveryClient    : Saw local status change event StatusChangeEvent [timestamp=1589126997011, current=UP, previous=STARTING]
2020-05-10 21:39:57.013  INFO 8345 --- [restartedMain] d.s.w.p.DocumentationPluginsBootstrapper : Context refreshed
2020-05-10 21:39:57.024  INFO 8345 --- [DiscoveryClient-InstanceInfoReplicator-0] com.netflix.discovery.DiscoveryClient    : DiscoveryClient_RAWMATERIAL-ORDER/192.168.0.105:rawmaterial-order:8008: registering service...
2020-05-10 21:39:57.031  INFO 8345 --- [restartedMain] d.s.w.p.DocumentationPluginsBootstrapper : Found 1 custom documentation plugin(s)
2020-05-10 21:39:57.075  INFO 8345 --- [restartedMain] s.d.s.w.s.ApiListingReferenceScanner     : Scanning for api listing references
2020-05-10 21:39:57.086  INFO 8345 --- [DiscoveryClient-InstanceInfoReplicator-0] com.netflix.discovery.DiscoveryClient    : DiscoveryClient_RAWMATERIAL-ORDER/192.168.0.105:rawmaterial-order:8008 - registration status: 204
2020-05-10 21:39:57.218  INFO 8345 --- [restartedMain] .d.s.w.r.o.CachingOperationNameGenerator : Generating unique operation named: handleUsingGET_1
2020-05-10 21:39:57.221  INFO 8345 --- [restartedMain] .d.s.w.r.o.CachingOperationNameGenerator : Generating unique operation named: handleUsingGET_2
2020-05-10 21:39:57.336  INFO 8345 --- [restartedMain] o.s.b.w.embedded.tomcat.TomcatWebServer  : Tomcat started on port(s): 8008 (http) with context path ''
2020-05-10 21:39:57.338  INFO 8345 --- [restartedMain] .s.c.n.e.s.EurekaAutoServiceRegistration : Updating port to 8008
2020-05-10 21:39:57.497  INFO 8345 --- [restartedMain] c.cg.dd.app.RawMaterialOrderApplication  : Started RawMaterialOrderApplication in 9.572 seconds (JVM running for 10.437)
2020-05-10 21:40:58.024  INFO 8345 --- [http-nio-8008-exec-1] o.a.c.c.C.[Tomcat].[localhost].[/]       : Initializing Spring DispatcherServlet 'dispatcherServlet'
2020-05-10 21:40:58.048  INFO 8345 --- [http-nio-8008-exec-1] o.s.web.servlet.DispatcherServlet        : Initializing Servlet 'dispatcherServlet'
2020-05-10 21:40:58.221  INFO 8345 --- [http-nio-8008-exec-1] o.s.web.servlet.DispatcherServlet        : Completed initialization in 172 ms
2020-05-10 21:41:00.755  INFO 8345 --- [hystrix-RawmaterialOrderController-1] c.netflix.discovery.shared.Application   : getting supplier
2020-05-10 21:41:02.396 ERROR 8345 --- [HystrixTimer-1] c.netflix.discovery.shared.Application   : getting suppliers failed !
2020-05-10 21:41:07.506  INFO 8345 --- [hystrix-RawmaterialOrderController-2] c.netflix.discovery.shared.Application   : getting supplier
2020-05-10 21:41:30.840  INFO 8345 --- [hystrix-RawmaterialOrderController-3] c.netflix.discovery.shared.Application   : getting supplier
2020-05-10 21:44:08.002  INFO 8345 --- [hystrix-RawmaterialOrderController-4] c.netflix.discovery.shared.Application   : getting warehouses
2020-05-10 21:44:56.857  INFO 8345 --- [AsyncResolver-bootstrap-executor-0] c.n.d.s.r.aws.ConfigClusterResolver      : Resolving eureka endpoints via configuration
2020-05-10 21:44:59.707  INFO 8345 --- [RMI TCP Connection(2)-127.0.0.1] inMXBeanRegistrar$SpringApplicationAdmin : Application shutdown requested.
2020-05-10 21:44:59.708  INFO 8345 --- [RMI TCP Connection(2)-127.0.0.1] o.s.c.n.e.s.EurekaServiceRegistry        : Unregistering application RAWMATERIAL-ORDER with eureka with status DOWN
2020-05-10 21:44:59.709  WARN 8345 --- [RMI TCP Connection(2)-127.0.0.1] com.netflix.discovery.DiscoveryClient    : Saw local status change event StatusChangeEvent [timestamp=1589127299709, current=DOWN, previous=UP]
2020-05-10 21:44:59.709  INFO 8345 --- [DiscoveryClient-InstanceInfoReplicator-0] com.netflix.discovery.DiscoveryClient    : DiscoveryClient_RAWMATERIAL-ORDER/192.168.0.105:rawmaterial-order:8008: registering service...
2020-05-10 21:44:59.715  INFO 8345 --- [DiscoveryClient-InstanceInfoReplicator-0] com.netflix.discovery.DiscoveryClient    : DiscoveryClient_RAWMATERIAL-ORDER/192.168.0.105:rawmaterial-order:8008 - registration status: 204
2020-05-10 21:44:59.781  INFO 8345 --- [RMI TCP Connection(2)-127.0.0.1] o.s.s.concurrent.ThreadPoolTaskExecutor  : Shutting down ExecutorService 'applicationTaskExecutor'
2020-05-10 21:44:59.834  INFO 8345 --- [RMI TCP Connection(2)-127.0.0.1] j.LocalContainerEntityManagerFactoryBean : Closing JPA EntityManagerFactory for persistence unit 'default'
2020-05-10 21:44:59.901  INFO 8345 --- [RMI TCP Connection(2)-127.0.0.1] com.zaxxer.hikari.HikariDataSource       : HikariPool-1 - Shutdown initiated...
2020-05-10 21:44:59.985  INFO 8345 --- [RMI TCP Connection(2)-127.0.0.1] com.zaxxer.hikari.HikariDataSource       : HikariPool-1 - Shutdown completed.
2020-05-10 21:44:59.988  INFO 8345 --- [RMI TCP Connection(2)-127.0.0.1] com.netflix.discovery.DiscoveryClient    : Shutting down DiscoveryClient ...
2020-05-10 21:45:02.991  INFO 8345 --- [RMI TCP Connection(2)-127.0.0.1] com.netflix.discovery.DiscoveryClient    : Unregistering ...
2020-05-10 21:45:03.042  INFO 8345 --- [RMI TCP Connection(2)-127.0.0.1] com.netflix.discovery.DiscoveryClient    : DiscoveryClient_RAWMATERIAL-ORDER/192.168.0.105:rawmaterial-order:8008 - deregister  status: 200
2020-05-10 21:45:03.096  INFO 8345 --- [RMI TCP Connection(2)-127.0.0.1] com.netflix.discovery.DiscoveryClient    : Completed shut down of DiscoveryClient
2020-05-10 21:45:03.111  INFO 8345 --- [RMI TCP Connection(2)-127.0.0.1] o.apache.catalina.core.StandardService   : Stopping service [Tomcat]
2020-05-10 21:45:03.130  INFO 8345 --- [RMI TCP Connection(2)-127.0.0.1] o.a.c.c.C.[Tomcat].[localhost].[/]       : Destroying Spring FrameworkServlet 'dispatcherServlet'
2020-05-10 21:45:03.152  WARN 8345 --- [RMI TCP Connection(2)-127.0.0.1] o.a.c.loader.WebappClassLoaderBase       : The web application [ROOT] appears to have started a thread named [RxIoScheduler-1 (Evictor)] but has failed to stop it. This is very likely to create a memory leak. Stack trace of thread:
 java.base@11.0.6/jdk.internal.misc.Unsafe.park(Native Method)
 java.base@11.0.6/java.util.concurrent.locks.LockSupport.parkNanos(LockSupport.java:234)
 java.base@11.0.6/java.util.concurrent.locks.AbstractQueuedSynchronizer$ConditionObject.awaitNanos(AbstractQueuedSynchronizer.java:2123)
 java.base@11.0.6/java.util.concurrent.ScheduledThreadPoolExecutor$DelayedWorkQueue.take(ScheduledThreadPoolExecutor.java:1182)
 java.base@11.0.6/java.util.concurrent.ScheduledThreadPoolExecutor$DelayedWorkQueue.take(ScheduledThreadPoolExecutor.java:899)
 java.base@11.0.6/java.util.concurrent.ThreadPoolExecutor.getTask(ThreadPoolExecutor.java:1054)
 java.base@11.0.6/java.util.concurrent.ThreadPoolExecutor.runWorker(ThreadPoolExecutor.java:1114)
 java.base@11.0.6/java.util.concurrent.ThreadPoolExecutor$Worker.run(ThreadPoolExecutor.java:628)
 java.base@11.0.6/java.lang.Thread.run(Thread.java:834)
2020-05-10 21:45:03.153  WARN 8345 --- [RMI TCP Connection(2)-127.0.0.1] o.a.c.loader.WebappClassLoaderBase       : The web application [ROOT] appears to have started a thread named [RxComputationScheduler-1] but has failed to stop it. This is very likely to create a memory leak. Stack trace of thread:
 java.base@11.0.6/jdk.internal.misc.Unsafe.park(Native Method)
 java.base@11.0.6/java.util.concurrent.locks.LockSupport.park(LockSupport.java:194)
 java.base@11.0.6/java.util.concurrent.locks.AbstractQueuedSynchronizer$ConditionObject.await(AbstractQueuedSynchronizer.java:2081)
 java.base@11.0.6/java.util.concurrent.ScheduledThreadPoolExecutor$DelayedWorkQueue.take(ScheduledThreadPoolExecutor.java:1170)
 java.base@11.0.6/java.util.concurrent.ScheduledThreadPoolExecutor$DelayedWorkQueue.take(ScheduledThreadPoolExecutor.java:899)
 java.base@11.0.6/java.util.concurrent.ThreadPoolExecutor.getTask(ThreadPoolExecutor.java:1054)
 java.base@11.0.6/java.util.concurrent.ThreadPoolExecutor.runWorker(ThreadPoolExecutor.java:1114)
 java.base@11.0.6/java.util.concurrent.ThreadPoolExecutor$Worker.run(ThreadPoolExecutor.java:628)
 java.base@11.0.6/java.lang.Thread.run(Thread.java:834)
2020-05-10 21:45:03.154  WARN 8345 --- [RMI TCP Connection(2)-127.0.0.1] o.a.c.loader.WebappClassLoaderBase       : The web application [ROOT] appears to have started a thread named [RxComputationScheduler-2] but has failed to stop it. This is very likely to create a memory leak. Stack trace of thread:
 java.base@11.0.6/jdk.internal.misc.Unsafe.park(Native Method)
 java.base@11.0.6/java.util.concurrent.locks.LockSupport.park(LockSupport.java:194)
 java.base@11.0.6/java.util.concurrent.locks.AbstractQueuedSynchronizer$ConditionObject.await(AbstractQueuedSynchronizer.java:2081)
 java.base@11.0.6/java.util.concurrent.ScheduledThreadPoolExecutor$DelayedWorkQueue.take(ScheduledThreadPoolExecutor.java:1170)
 java.base@11.0.6/java.util.concurrent.ScheduledThreadPoolExecutor$DelayedWorkQueue.take(ScheduledThreadPoolExecutor.java:899)
 java.base@11.0.6/java.util.concurrent.ThreadPoolExecutor.getTask(ThreadPoolExecutor.java:1054)
 java.base@11.0.6/java.util.concurrent.ThreadPoolExecutor.runWorker(ThreadPoolExecutor.java:1114)
 java.base@11.0.6/java.util.concurrent.ThreadPoolExecutor$Worker.run(ThreadPoolExecutor.java:628)
 java.base@11.0.6/java.lang.Thread.run(Thread.java:834)
2020-05-10 21:47:16.023  INFO 9024 --- [restartedMain] c.cg.dd.app.RawMaterialOrderApplication  : No active profile set, falling back to default profiles: default
2020-05-10 21:47:18.571  INFO 9024 --- [restartedMain] .s.d.r.c.RepositoryConfigurationDelegate : Bootstrapping Spring Data JPA repositories in DEFAULT mode.
2020-05-10 21:47:18.594  INFO 9024 --- [restartedMain] .s.d.r.c.RepositoryConfigurationDelegate : Finished Spring Data repository scanning in 13ms. Found 0 JPA repository interfaces.
2020-05-10 21:47:18.852  WARN 9024 --- [restartedMain] o.s.boot.actuate.endpoint.EndpointId     : Endpoint ID 'service-registry' contains invalid characters, please migrate to a valid format.
2020-05-10 21:47:18.898  WARN 9024 --- [restartedMain] o.s.boot.actuate.endpoint.EndpointId     : Endpoint ID 'hystrix.stream' contains invalid characters, please migrate to a valid format.
2020-05-10 21:47:19.146  INFO 9024 --- [restartedMain] o.s.cloud.context.scope.GenericScope     : BeanFactory id=9d8e66c7-6c09-33ff-86de-a94374aba015
2020-05-10 21:47:20.531  INFO 9024 --- [restartedMain] o.s.b.w.embedded.tomcat.TomcatWebServer  : Tomcat initialized with port(s): 8008 (http)
2020-05-10 21:47:20.547  INFO 9024 --- [restartedMain] o.apache.catalina.core.StandardService   : Starting service [Tomcat]
2020-05-10 21:47:20.548  INFO 9024 --- [restartedMain] org.apache.catalina.core.StandardEngine  : Starting Servlet engine: [Apache Tomcat/9.0.33]
2020-05-10 21:47:20.874  INFO 9024 --- [restartedMain] o.a.c.c.C.[Tomcat].[localhost].[/]       : Initializing Spring embedded WebApplicationContext
2020-05-10 21:47:20.874  INFO 9024 --- [restartedMain] o.s.web.context.ContextLoader            : Root WebApplicationContext: initialization completed in 4761 ms
2020-05-10 21:47:21.012  WARN 9024 --- [restartedMain] c.n.c.sources.URLConfigurationSource     : No URLs will be polled as dynamic configuration sources.
2020-05-10 21:47:21.012  INFO 9024 --- [restartedMain] c.n.c.sources.URLConfigurationSource     : To enable URLs as dynamic configuration sources, define System property archaius.configurationSource.additionalUrls or make config.properties available on classpath.
2020-05-10 21:47:21.029  INFO 9024 --- [restartedMain] c.netflix.config.DynamicPropertyFactory  : DynamicPropertyFactory is initialized with configuration sources: com.netflix.config.ConcurrentCompositeConfiguration@3526a8d2
2020-05-10 21:47:22.120  INFO 9024 --- [restartedMain] o.hibernate.jpa.internal.util.LogHelper  : HHH000204: Processing PersistenceUnitInfo [name: default]
2020-05-10 21:47:22.331  INFO 9024 --- [restartedMain] org.hibernate.Version                    : HHH000412: Hibernate ORM core version 5.4.12.Final
2020-05-10 21:47:22.643  INFO 9024 --- [restartedMain] o.hibernate.annotations.common.Version   : HCANN000001: Hibernate Commons Annotations {5.1.0.Final}
2020-05-10 21:47:22.879  INFO 9024 --- [restartedMain] com.zaxxer.hikari.HikariDataSource       : HikariPool-1 - Starting...
2020-05-10 21:47:22.905  WARN 9024 --- [restartedMain] com.zaxxer.hikari.util.DriverDataSource  : Registered driver with driverClassName=com.mysql.jdbc.Driver was not found, trying direct instantiation.
2020-05-10 21:47:24.312  INFO 9024 --- [restartedMain] com.zaxxer.hikari.HikariDataSource       : HikariPool-1 - Start completed.
2020-05-10 21:47:24.388  INFO 9024 --- [restartedMain] org.hibernate.dialect.Dialect            : HHH000400: Using dialect: org.hibernate.dialect.MySQL5InnoDBDialect
2020-05-10 21:47:26.447  INFO 9024 --- [restartedMain] o.h.e.t.j.p.i.JtaPlatformInitiator       : HHH000490: Using JtaPlatform implementation: [org.hibernate.engine.transaction.jta.platform.internal.NoJtaPlatform]
2020-05-10 21:47:26.453  INFO 9024 --- [restartedMain] j.LocalContainerEntityManagerFactoryBean : Initialized JPA EntityManagerFactory for persistence unit 'default'
2020-05-10 21:47:26.553  WARN 9024 --- [restartedMain] o.s.b.d.a.OptionalLiveReloadServer       : Unable to start LiveReload server
2020-05-10 21:47:27.162  WARN 9024 --- [restartedMain] JpaBaseConfiguration$JpaWebConfiguration : spring.jpa.open-in-view is enabled by default. Therefore, database queries may be performed during view rendering. Explicitly configure spring.jpa.open-in-view to disable this warning
2020-05-10 21:47:27.465  INFO 9024 --- [restartedMain] o.s.b.a.e.web.EndpointLinksResolver      : Exposing 2 endpoint(s) beneath base path '/actuator'
2020-05-10 21:47:27.698  INFO 9024 --- [restartedMain] pertySourcedRequestMappingHandlerMapping : Mapped URL path [/v2/api-docs] onto method [springfox.documentation.swagger2.web.Swagger2Controller#getDocumentation(String, HttpServletRequest)]
2020-05-10 21:47:27.730  WARN 9024 --- [restartedMain] c.n.c.sources.URLConfigurationSource     : No URLs will be polled as dynamic configuration sources.
2020-05-10 21:47:27.730  INFO 9024 --- [restartedMain] c.n.c.sources.URLConfigurationSource     : To enable URLs as dynamic configuration sources, define System property archaius.configurationSource.additionalUrls or make config.properties available on classpath.
2020-05-10 21:47:28.189  INFO 9024 --- [restartedMain] o.s.s.concurrent.ThreadPoolTaskExecutor  : Initializing ExecutorService 'applicationTaskExecutor'
2020-05-10 21:47:29.287  WARN 9024 --- [restartedMain] ockingLoadBalancerClientRibbonWarnLogger : You already have RibbonLoadBalancerClient on your classpath. It will be used by default. As Spring Cloud Ribbon is in maintenance mode. We recommend switching to BlockingLoadBalancerClient instead. In order to use it, set the value of `spring.cloud.loadbalancer.ribbon.enabled` to `false` or remove spring-cloud-starter-netflix-ribbon from your project.
2020-05-10 21:47:29.653  INFO 9024 --- [restartedMain] o.s.c.n.eureka.InstanceInfoFactory       : Setting initial instance status as: STARTING
2020-05-10 21:47:29.812  INFO 9024 --- [restartedMain] com.netflix.discovery.DiscoveryClient    : Initializing Eureka in region us-east-1
2020-05-10 21:47:30.162  INFO 9024 --- [restartedMain] c.n.d.provider.DiscoveryJerseyProvider   : Using JSON encoding codec LegacyJacksonJson
2020-05-10 21:47:30.162  INFO 9024 --- [restartedMain] c.n.d.provider.DiscoveryJerseyProvider   : Using JSON decoding codec LegacyJacksonJson
2020-05-10 21:47:30.370  INFO 9024 --- [RMI TCP Connection(1)-127.0.0.1] o.a.c.c.C.[Tomcat].[localhost].[/]       : Initializing Spring DispatcherServlet 'dispatcherServlet'
2020-05-10 21:47:30.373  INFO 9024 --- [RMI TCP Connection(1)-127.0.0.1] o.s.web.servlet.DispatcherServlet        : Initializing Servlet 'dispatcherServlet'
2020-05-10 21:47:30.411  INFO 9024 --- [RMI TCP Connection(1)-127.0.0.1] o.s.web.servlet.DispatcherServlet        : Completed initialization in 37 ms
2020-05-10 21:47:30.478  INFO 9024 --- [restartedMain] c.n.d.provider.DiscoveryJerseyProvider   : Using XML encoding codec XStreamXml
2020-05-10 21:47:30.479  INFO 9024 --- [restartedMain] c.n.d.provider.DiscoveryJerseyProvider   : Using XML decoding codec XStreamXml
2020-05-10 21:47:30.945  INFO 9024 --- [restartedMain] c.n.d.s.r.aws.ConfigClusterResolver      : Resolving eureka endpoints via configuration
2020-05-10 21:47:30.982  INFO 9024 --- [restartedMain] com.netflix.discovery.DiscoveryClient    : Disable delta property : false
2020-05-10 21:47:30.988  INFO 9024 --- [restartedMain] com.netflix.discovery.DiscoveryClient    : Single vip registry refresh property : null
2020-05-10 21:47:30.988  INFO 9024 --- [restartedMain] com.netflix.discovery.DiscoveryClient    : Force full registry fetch : false
2020-05-10 21:47:30.989  INFO 9024 --- [restartedMain] com.netflix.discovery.DiscoveryClient    : Application is null : false
2020-05-10 21:47:30.989  INFO 9024 --- [restartedMain] com.netflix.discovery.DiscoveryClient    : Registered Applications size is zero : true
2020-05-10 21:47:30.989  INFO 9024 --- [restartedMain] com.netflix.discovery.DiscoveryClient    : Application version is -1: true
2020-05-10 21:47:30.989  INFO 9024 --- [restartedMain] com.netflix.discovery.DiscoveryClient    : Getting all instance registry info from the eureka server
2020-05-10 21:47:31.368  INFO 9024 --- [restartedMain] com.netflix.discovery.DiscoveryClient    : The response status is 200
2020-05-10 21:47:31.371  INFO 9024 --- [restartedMain] com.netflix.discovery.DiscoveryClient    : Starting heartbeat executor: renew interval is: 30
2020-05-10 21:47:31.374  INFO 9024 --- [restartedMain] c.n.discovery.InstanceInfoReplicator     : InstanceInfoReplicator onDemand update allowed rate per min is 4
2020-05-10 21:47:31.381  INFO 9024 --- [restartedMain] com.netflix.discovery.DiscoveryClient    : Discovery Client initialized at timestamp 1589127451380 with initial instances count: 2
2020-05-10 21:47:31.428  INFO 9024 --- [restartedMain] o.s.c.n.e.s.EurekaServiceRegistry        : Registering application RAWMATERIAL-ORDER with eureka with status UP
2020-05-10 21:47:31.432  INFO 9024 --- [restartedMain] com.netflix.discovery.DiscoveryClient    : Saw local status change event StatusChangeEvent [timestamp=1589127451432, current=UP, previous=STARTING]
2020-05-10 21:47:31.436  INFO 9024 --- [DiscoveryClient-InstanceInfoReplicator-0] com.netflix.discovery.DiscoveryClient    : DiscoveryClient_RAWMATERIAL-ORDER/192.168.0.105:rawmaterial-order:8008: registering service...
2020-05-10 21:47:31.442  INFO 9024 --- [restartedMain] d.s.w.p.DocumentationPluginsBootstrapper : Context refreshed
2020-05-10 21:47:31.479  INFO 9024 --- [DiscoveryClient-InstanceInfoReplicator-0] com.netflix.discovery.DiscoveryClient    : DiscoveryClient_RAWMATERIAL-ORDER/192.168.0.105:rawmaterial-order:8008 - registration status: 204
2020-05-10 21:47:31.482  INFO 9024 --- [restartedMain] d.s.w.p.DocumentationPluginsBootstrapper : Found 1 custom documentation plugin(s)
2020-05-10 21:47:31.529  INFO 9024 --- [restartedMain] s.d.s.w.s.ApiListingReferenceScanner     : Scanning for api listing references
2020-05-10 21:47:31.684  INFO 9024 --- [restartedMain] .d.s.w.r.o.CachingOperationNameGenerator : Generating unique operation named: handleUsingGET_1
2020-05-10 21:47:31.687  INFO 9024 --- [restartedMain] .d.s.w.r.o.CachingOperationNameGenerator : Generating unique operation named: handleUsingGET_2
2020-05-10 21:47:31.801  INFO 9024 --- [restartedMain] o.s.b.w.embedded.tomcat.TomcatWebServer  : Tomcat started on port(s): 8008 (http) with context path ''
2020-05-10 21:47:31.802  INFO 9024 --- [restartedMain] .s.c.n.e.s.EurekaAutoServiceRegistration : Updating port to 8008
2020-05-10 21:47:31.845  INFO 9024 --- [restartedMain] c.cg.dd.app.RawMaterialOrderApplication  : Started RawMaterialOrderApplication in 19.353 seconds (JVM running for 21.095)
2020-05-10 21:47:45.978  INFO 9024 --- [hystrix-RawmaterialOrderController-1] c.netflix.discovery.shared.Application   : getting warehouses
2020-05-10 21:52:30.999  INFO 9024 --- [AsyncResolver-bootstrap-executor-0] c.n.d.s.r.aws.ConfigClusterResolver      : Resolving eureka endpoints via configuration
2020-05-10 21:57:31.006  INFO 9024 --- [AsyncResolver-bootstrap-executor-0] c.n.d.s.r.aws.ConfigClusterResolver      : Resolving eureka endpoints via configuration
2020-05-10 21:57:50.429  INFO 9024 --- [hystrix-RawmaterialOrderController-2] c.netflix.discovery.shared.Application   : getting supplier
2020-05-10 22:00:02.123  INFO 9024 --- [RMI TCP Connection(3)-127.0.0.1] inMXBeanRegistrar$SpringApplicationAdmin : Application shutdown requested.
2020-05-10 22:00:02.142  INFO 9024 --- [RMI TCP Connection(3)-127.0.0.1] o.s.c.n.e.s.EurekaServiceRegistry        : Unregistering application RAWMATERIAL-ORDER with eureka with status DOWN
2020-05-10 22:00:02.142  WARN 9024 --- [RMI TCP Connection(3)-127.0.0.1] com.netflix.discovery.DiscoveryClient    : Saw local status change event StatusChangeEvent [timestamp=1589128202142, current=DOWN, previous=UP]
2020-05-10 22:00:02.143  INFO 9024 --- [DiscoveryClient-InstanceInfoReplicator-0] com.netflix.discovery.DiscoveryClient    : DiscoveryClient_RAWMATERIAL-ORDER/192.168.0.105:rawmaterial-order:8008: registering service...
2020-05-10 22:00:02.149  INFO 9024 --- [DiscoveryClient-InstanceInfoReplicator-0] com.netflix.discovery.DiscoveryClient    : DiscoveryClient_RAWMATERIAL-ORDER/192.168.0.105:rawmaterial-order:8008 - registration status: 204
2020-05-10 22:00:02.190  INFO 9024 --- [RMI TCP Connection(3)-127.0.0.1] o.s.s.concurrent.ThreadPoolTaskExecutor  : Shutting down ExecutorService 'applicationTaskExecutor'
2020-05-10 22:00:02.248  INFO 9024 --- [RMI TCP Connection(3)-127.0.0.1] j.LocalContainerEntityManagerFactoryBean : Closing JPA EntityManagerFactory for persistence unit 'default'
2020-05-10 22:00:02.263  INFO 9024 --- [RMI TCP Connection(3)-127.0.0.1] com.zaxxer.hikari.HikariDataSource       : HikariPool-1 - Shutdown initiated...
2020-05-10 22:00:02.311  INFO 9024 --- [RMI TCP Connection(3)-127.0.0.1] com.zaxxer.hikari.HikariDataSource       : HikariPool-1 - Shutdown completed.
2020-05-10 22:00:02.314  INFO 9024 --- [RMI TCP Connection(3)-127.0.0.1] com.netflix.discovery.DiscoveryClient    : Shutting down DiscoveryClient ...
2020-05-10 22:00:05.318  INFO 9024 --- [RMI TCP Connection(3)-127.0.0.1] com.netflix.discovery.DiscoveryClient    : Unregistering ...
2020-05-10 22:00:05.323  INFO 9024 --- [RMI TCP Connection(3)-127.0.0.1] com.netflix.discovery.DiscoveryClient    : DiscoveryClient_RAWMATERIAL-ORDER/192.168.0.105:rawmaterial-order:8008 - deregister  status: 200
2020-05-10 22:00:05.341  INFO 9024 --- [RMI TCP Connection(3)-127.0.0.1] com.netflix.discovery.DiscoveryClient    : Completed shut down of DiscoveryClient
2020-05-10 22:00:05.348  INFO 9024 --- [RMI TCP Connection(3)-127.0.0.1] o.apache.catalina.core.StandardService   : Stopping service [Tomcat]
2020-05-10 22:00:05.351  INFO 9024 --- [RMI TCP Connection(3)-127.0.0.1] o.a.c.c.C.[Tomcat].[localhost].[/]       : Destroying Spring FrameworkServlet 'dispatcherServlet'
2020-05-10 22:00:05.355  WARN 9024 --- [RMI TCP Connection(3)-127.0.0.1] o.a.c.loader.WebappClassLoaderBase       : The web application [ROOT] appears to have started a thread named [RxIoScheduler-1 (Evictor)] but has failed to stop it. This is very likely to create a memory leak. Stack trace of thread:
 java.base@11.0.6/jdk.internal.misc.Unsafe.park(Native Method)
 java.base@11.0.6/java.util.concurrent.locks.LockSupport.parkNanos(LockSupport.java:234)
 java.base@11.0.6/java.util.concurrent.locks.AbstractQueuedSynchronizer$ConditionObject.awaitNanos(AbstractQueuedSynchronizer.java:2123)
 java.base@11.0.6/java.util.concurrent.ScheduledThreadPoolExecutor$DelayedWorkQueue.take(ScheduledThreadPoolExecutor.java:1182)
 java.base@11.0.6/java.util.concurrent.ScheduledThreadPoolExecutor$DelayedWorkQueue.take(ScheduledThreadPoolExecutor.java:899)
 java.base@11.0.6/java.util.concurrent.ThreadPoolExecutor.getTask(ThreadPoolExecutor.java:1054)
 java.base@11.0.6/java.util.concurrent.ThreadPoolExecutor.runWorker(ThreadPoolExecutor.java:1114)
 java.base@11.0.6/java.util.concurrent.ThreadPoolExecutor$Worker.run(ThreadPoolExecutor.java:628)
 java.base@11.0.6/java.lang.Thread.run(Thread.java:834)
2020-05-10 22:00:05.356  WARN 9024 --- [RMI TCP Connection(3)-127.0.0.1] o.a.c.loader.WebappClassLoaderBase       : The web application [ROOT] appears to have started a thread named [RxComputationScheduler-1] but has failed to stop it. This is very likely to create a memory leak. Stack trace of thread:
 java.base@11.0.6/jdk.internal.misc.Unsafe.park(Native Method)
 java.base@11.0.6/java.util.concurrent.locks.LockSupport.park(LockSupport.java:194)
 java.base@11.0.6/java.util.concurrent.locks.AbstractQueuedSynchronizer$ConditionObject.await(AbstractQueuedSynchronizer.java:2081)
 java.base@11.0.6/java.util.concurrent.ScheduledThreadPoolExecutor$DelayedWorkQueue.take(ScheduledThreadPoolExecutor.java:1170)
 java.base@11.0.6/java.util.concurrent.ScheduledThreadPoolExecutor$DelayedWorkQueue.take(ScheduledThreadPoolExecutor.java:899)
 java.base@11.0.6/java.util.concurrent.ThreadPoolExecutor.getTask(ThreadPoolExecutor.java:1054)
 java.base@11.0.6/java.util.concurrent.ThreadPoolExecutor.runWorker(ThreadPoolExecutor.java:1114)
 java.base@11.0.6/java.util.concurrent.ThreadPoolExecutor$Worker.run(ThreadPoolExecutor.java:628)
 java.base@11.0.6/java.lang.Thread.run(Thread.java:834)
2020-05-10 22:00:05.356  WARN 9024 --- [RMI TCP Connection(3)-127.0.0.1] o.a.c.loader.WebappClassLoaderBase       : The web application [ROOT] appears to have started a thread named [RxComputationScheduler-2] but has failed to stop it. This is very likely to create a memory leak. Stack trace of thread:
 java.base@11.0.6/jdk.internal.misc.Unsafe.park(Native Method)
 java.base@11.0.6/java.util.concurrent.locks.LockSupport.park(LockSupport.java:194)
 java.base@11.0.6/java.util.concurrent.locks.AbstractQueuedSynchronizer$ConditionObject.await(AbstractQueuedSynchronizer.java:2081)
 java.base@11.0.6/java.util.concurrent.ScheduledThreadPoolExecutor$DelayedWorkQueue.take(ScheduledThreadPoolExecutor.java:1170)
 java.base@11.0.6/java.util.concurrent.ScheduledThreadPoolExecutor$DelayedWorkQueue.take(ScheduledThreadPoolExecutor.java:899)
 java.base@11.0.6/java.util.concurrent.ThreadPoolExecutor.getTask(ThreadPoolExecutor.java:1054)
 java.base@11.0.6/java.util.concurrent.ThreadPoolExecutor.runWorker(ThreadPoolExecutor.java:1114)
 java.base@11.0.6/java.util.concurrent.ThreadPoolExecutor$Worker.run(ThreadPoolExecutor.java:628)
 java.base@11.0.6/java.lang.Thread.run(Thread.java:834)
